2026-03-14 02:36:06 [info]: Server running on http://localhost:3001
2026-03-14 02:36:06 [info]: Environment: development
2026-03-14 02:36:06 [info]: Accepting requests from: http://localhost:5173
2026-03-14 02:36:11 [info]: Server running on http://localhost:3001
2026-03-14 02:36:11 [info]: Environment: development
2026-03-14 02:36:11 [info]: Accepting requests from: http://localhost:5173
2026-03-14 02:36:24 [info]: Server running on http://localhost:3001
2026-03-14 02:36:24 [info]: Environment: development
2026-03-14 02:36:24 [info]: Accepting requests from: http://localhost:5173
2026-03-14 02:38:39 [info]: Server running on http://localhost:3001
2026-03-14 02:38:39 [info]: Environment: development
2026-03-14 02:38:39 [info]: Accepting requests from: http://localhost:5173
2026-03-14 03:07:36 [info]: Server running on http://localhost:3001
2026-03-14 03:07:36 [info]: Environment: development
2026-03-14 03:07:36 [info]: Accepting requests from: http://localhost:5173
2026-03-14 03:07:59 [info]: Server running on http://localhost:3001
2026-03-14 03:07:59 [info]: Environment: development
2026-03-14 03:07:59 [info]: Accepting requests from: http://localhost:5173
2026-03-14 03:20:46 [info]: Server running on http://localhost:3001
2026-03-14 03:20:46 [info]: Environment: development
2026-03-14 03:20:46 [info]: Accepting requests from: http://localhost:5173
2026-03-14 03:20:55 [info]: Server running on http://localhost:3001
2026-03-14 03:20:55 [info]: Environment: development
2026-03-14 03:20:55 [info]: Accepting requests from: http://localhost:5173
2026-03-14 03:21:04 [info]: Server running on http://localhost:3001
2026-03-14 03:21:04 [info]: Environment: development
2026-03-14 03:21:04 [info]: Accepting requests from: http://localhost:5173
2026-03-14 03:21:50 [info]: Server running on http://localhost:3001
2026-03-14 03:21:50 [info]: Environment: development
2026-03-14 03:21:50 [info]: Accepting requests from: http://localhost:5173
2026-03-14 03:21:54 [info]: Server running on http://localhost:3001
2026-03-14 03:21:54 [info]: Environment: development
2026-03-14 03:21:54 [info]: Accepting requests from: http://localhost:5173
2026-03-14 03:22:03 [info]: Server running on http://localhost:3001
2026-03-14 03:22:03 [info]: Environment: development
2026-03-14 03:22:03 [info]: Accepting requests from: http://localhost:5173
2026-03-14 03:22:06 [info]: Server running on http://localhost:3001
2026-03-14 03:22:06 [info]: Environment: development
2026-03-14 03:22:06 [info]: Accepting requests from: http://localhost:5173
2026-03-14 03:22:28 [info]: Server running on http://localhost:3001
2026-03-14 03:22:28 [info]: Environment: development
2026-03-14 03:22:28 [info]: Accepting requests from: http://localhost:5173
2026-03-14 03:22:34 [info]: Server running on http://localhost:3001
2026-03-14 03:22:34 [info]: Environment: development
2026-03-14 03:22:34 [info]: Accepting requests from: http://localhost:5173
2026-03-14 03:22:37 [info]: Server running on http://localhost:3001
2026-03-14 03:22:37 [info]: Environment: development
2026-03-14 03:22:37 [info]: Accepting requests from: http://localhost:5173
2026-03-14 03:22:49 [info]: Server running on http://localhost:3001
2026-03-14 03:22:49 [info]: Environment: development
2026-03-14 03:22:49 [info]: Accepting requests from: http://localhost:5173
2026-03-14 03:22:53 [info]: Server running on http://localhost:3001
2026-03-14 03:22:53 [info]: Environment: development
2026-03-14 03:22:53 [info]: Accepting requests from: http://localhost:5173
2026-03-14 03:27:16 [info]: Server running on http://localhost:3001
2026-03-14 03:27:16 [info]: Environment: development
2026-03-14 03:27:16 [info]: Accepting requests from: http://localhost:5173
2026-03-14 03:27:28 [info]: Server running on http://localhost:3001
2026-03-14 03:27:28 [info]: Environment: development
2026-03-14 03:27:28 [info]: Accepting requests from: http://localhost:5173
2026-03-14 03:28:07 [info]: Server running on http://localhost:3001
2026-03-14 03:28:07 [info]: Environment: development
2026-03-14 03:28:07 [info]: Accepting requests from: http://localhost:5173
2026-03-14 03:29:34 [info]: Server running on http://localhost:3001
2026-03-14 03:29:34 [info]: Environment: development
2026-03-14 03:29:34 [info]: Accepting requests from: http://localhost:5173
2026-03-14 03:40:34 [info]: Server running on http://localhost:3001
2026-03-14 03:40:34 [info]: Environment: development
2026-03-14 03:40:34 [info]: Accepting requests from: http://localhost:5173
2026-03-14 03:42:07 [info]: Server running on http://localhost:3001
2026-03-14 03:42:07 [info]: Environment: development
2026-03-14 03:42:07 [info]: Accepting requests from: http://localhost:5173
2026-03-14 03:43:02 [info]: Server running on http://localhost:3001
2026-03-14 03:43:02 [info]: Environment: development
2026-03-14 03:43:02 [info]: Accepting requests from: http://localhost:5173
2026-03-14 03:43:08 [info]: Server running on http://localhost:3001
2026-03-14 03:43:08 [info]: Environment: development
2026-03-14 03:43:08 [info]: Accepting requests from: http://localhost:5173
2026-03-14 03:44:59 [info]: Server running on http://localhost:3001
2026-03-14 03:44:59 [info]: Environment: development
2026-03-14 03:44:59 [info]: Accepting requests from: http://localhost:5173
2026-03-14 03:45:01 [info]: Server running on http://localhost:3001
2026-03-14 03:45:01 [info]: Environment: development
2026-03-14 03:45:01 [info]: Accepting requests from: http://localhost:5173
2026-03-14 03:46:33 [info]: Server running on http://localhost:3001
2026-03-14 03:46:33 [info]: Environment: development
2026-03-14 03:46:33 [info]: Accepting requests from: http://localhost:5173
2026-03-14 04:10:44 [info]: 🚀 Server running on http://localhost:3001
2026-03-14 04:10:44 [info]: 📋 Environment: development
2026-03-14 04:10:51 [info]: 🚀 Server running on http://localhost:3001
2026-03-14 04:10:51 [info]: 📋 Environment: development
2026-03-14 04:42:58 [info]: 🚀 Server running on http://localhost:3001
2026-03-14 04:42:58 [info]: 📋 Environment: development
2026-03-14 04:53:53 [info]: Zoom: Fetching meetings list
2026-03-14 04:53:53 [info]: Zoom: Fetching new access token
2026-03-14 04:53:54 [debug]: Cache SET: zoom:access_token (TTL: 3500s)
2026-03-14 04:53:54 [info]: Zoom: Fetching meetings list
2026-03-14 04:53:54 [debug]: Cache HIT: zoom:access_token
2026-03-14 04:53:55 [debug]: Cache SET: zoom:meetings:list (TTL: 30s)
2026-03-14 04:53:55 [info]: Meetings fetched: 0 results
2026-03-14 04:53:55 [http]: ::1 - - [14/Mar/2026:01:53:55 +0000] "GET /api/meetings HTTP/1.1" 200 36 "http://localhost:5174/" "Mozilla/5.0 (Windows NT 10.0; Win64; x64) AppleWebKit/537.36 (KHTML, like Gecko) Chrome/145.0.0.0 Safari/537.36 Edg/145.0.0.0"
2026-03-14 04:53:55 [debug]: Cache SET: zoom:meetings:list (TTL: 30s)
2026-03-14 04:53:55 [info]: Meetings fetched: 0 results
2026-03-14 04:53:55 [http]: ::1 - - [14/Mar/2026:01:53:55 +0000] "GET /api/meetings HTTP/1.1" 200 36 "http://localhost:5174/" "Mozilla/5.0 (Windows NT 10.0; Win64; x64) AppleWebKit/537.36 (KHTML, like Gecko) Chrome/145.0.0.0 Safari/537.36 Edg/145.0.0.0"
2026-03-14 04:53:55 [debug]: Cache HIT: zoom:meetings:list
2026-03-14 04:53:55 [info]: Meetings fetched: 0 results
2026-03-14 04:53:55 [http]: ::1 - - [14/Mar/2026:01:53:55 +0000] "GET /api/meetings HTTP/1.1" 304 - "http://localhost:5174/" "Mozilla/5.0 (Windows NT 10.0; Win64; x64) AppleWebKit/537.36 (KHTML, like Gecko) Chrome/145.0.0.0 Safari/537.36 Edg/145.0.0.0"
2026-03-14 04:53:56 [debug]: Cache HIT: zoom:meetings:list
2026-03-14 04:53:56 [info]: Meetings fetched: 0 results
2026-03-14 04:53:56 [http]: ::1 - - [14/Mar/2026:01:53:56 +0000] "GET /api/meetings HTTP/1.1" 304 - "http://localhost:5174/" "Mozilla/5.0 (Windows NT 10.0; Win64; x64) AppleWebKit/537.36 (KHTML, like Gecko) Chrome/145.0.0.0 Safari/537.36 Edg/145.0.0.0"
2026-03-14 04:53:56 [debug]: Cache HIT: zoom:meetings:list
2026-03-14 04:53:56 [info]: Meetings fetched: 0 results
2026-03-14 04:53:56 [http]: ::1 - - [14/Mar/2026:01:53:56 +0000] "GET /api/meetings HTTP/1.1" 304 - "http://localhost:5174/" "Mozilla/5.0 (Windows NT 10.0; Win64; x64) AppleWebKit/537.36 (KHTML, like Gecko) Chrome/145.0.0.0 Safari/537.36 Edg/145.0.0.0"
2026-03-14 04:53:58 [debug]: Cache HIT: zoom:meetings:list
2026-03-14 04:53:58 [info]: Meetings fetched: 0 results
2026-03-14 04:53:58 [http]: ::1 - - [14/Mar/2026:01:53:58 +0000] "GET /api/meetings HTTP/1.1" 304 - "http://localhost:5174/" "Mozilla/5.0 (Windows NT 10.0; Win64; x64) AppleWebKit/537.36 (KHTML, like Gecko) Chrome/145.0.0.0 Safari/537.36 Edg/145.0.0.0"
2026-03-14 04:53:58 [debug]: Cache HIT: zoom:meetings:list
2026-03-14 04:53:58 [info]: Meetings fetched: 0 results
2026-03-14 04:53:58 [http]: ::1 - - [14/Mar/2026:01:53:58 +0000] "GET /api/meetings HTTP/1.1" 304 - "http://localhost:5174/" "Mozilla/5.0 (Windows NT 10.0; Win64; x64) AppleWebKit/537.36 (KHTML, like Gecko) Chrome/145.0.0.0 Safari/537.36 Edg/145.0.0.0"
2026-03-14 04:54:05 [http]: ::1 - - [14/Mar/2026:01:54:05 +0000] "POST /api/meetings HTTP/1.1" 422 68 "http://localhost:5174/" "Mozilla/5.0 (Windows NT 10.0; Win64; x64) AppleWebKit/537.36 (KHTML, like Gecko) Chrome/145.0.0.0 Safari/537.36 Edg/145.0.0.0"
2026-03-14 04:54:15 [info]: Zoom: Creating meeting "test" at 2026-03-15T04:54:00
2026-03-14 04:54:15 [debug]: Cache HIT: zoom:access_token
2026-03-14 04:54:16 [debug]: Cache INVALIDATED: zoom:meetings:list
2026-03-14 04:54:16 [info]: Meeting created: ID 88172606782
2026-03-14 04:54:16 [http]: ::1 - - [14/Mar/2026:01:54:16 +0000] "POST /api/meetings HTTP/1.1" 201 245 "http://localhost:5174/" "Mozilla/5.0 (Windows NT 10.0; Win64; x64) AppleWebKit/537.36 (KHTML, like Gecko) Chrome/145.0.0.0 Safari/537.36 Edg/145.0.0.0"
2026-03-14 04:54:29 [info]: Zoom: Fetching meetings list
2026-03-14 04:54:29 [debug]: Cache HIT: zoom:access_token
2026-03-14 04:54:30 [debug]: Cache SET: zoom:meetings:list (TTL: 30s)
2026-03-14 04:54:30 [info]: Meetings fetched: 1 results
2026-03-14 04:54:30 [http]: ::1 - - [14/Mar/2026:01:54:30 +0000] "GET /api/meetings HTTP/1.1" 200 257 "http://localhost:5174/" "Mozilla/5.0 (Windows NT 10.0; Win64; x64) AppleWebKit/537.36 (KHTML, like Gecko) Chrome/145.0.0.0 Safari/537.36 Edg/145.0.0.0"
2026-03-14 04:54:59 [debug]: Cache HIT: zoom:meetings:list
2026-03-14 04:54:59 [info]: Meetings fetched: 1 results
2026-03-14 04:54:59 [http]: ::1 - - [14/Mar/2026:01:54:59 +0000] "GET /api/meetings HTTP/1.1" 304 - "http://localhost:5174/" "Mozilla/5.0 (Windows NT 10.0; Win64; x64) AppleWebKit/537.36 (KHTML, like Gecko) Chrome/145.0.0.0 Safari/537.36 Edg/145.0.0.0"
2026-03-14 04:55:02 [debug]: Cache EXPIRED: zoom:meetings:list
2026-03-14 04:55:02 [info]: Zoom: Fetching meetings list
2026-03-14 04:55:02 [debug]: Cache HIT: zoom:access_token
2026-03-14 04:55:03 [debug]: Cache SET: zoom:meetings:list (TTL: 30s)
2026-03-14 04:55:03 [info]: Meetings fetched: 1 results
2026-03-14 04:55:03 [http]: ::1 - - [14/Mar/2026:01:55:03 +0000] "GET /api/meetings HTTP/1.1" 200 257 "-" "PostmanRuntime/7.51.1"
2026-03-14 04:55:29 [debug]: Cache HIT: zoom:meetings:list
2026-03-14 04:55:29 [info]: Meetings fetched: 1 results
2026-03-14 04:55:29 [http]: ::1 - - [14/Mar/2026:01:55:29 +0000] "GET /api/meetings HTTP/1.1" 304 - "http://localhost:5174/" "Mozilla/5.0 (Windows NT 10.0; Win64; x64) AppleWebKit/537.36 (KHTML, like Gecko) Chrome/145.0.0.0 Safari/537.36 Edg/145.0.0.0"
2026-03-14 04:55:29 [debug]: Cache HIT: zoom:meetings:list
2026-03-14 04:55:29 [info]: Meetings fetched: 1 results
2026-03-14 04:55:29 [http]: ::1 - - [14/Mar/2026:01:55:29 +0000] "GET /api/meetings HTTP/1.1" 304 - "http://localhost:5174/" "Mozilla/5.0 (Windows NT 10.0; Win64; x64) AppleWebKit/537.36 (KHTML, like Gecko) Chrome/145.0.0.0 Safari/537.36 Edg/145.0.0.0"
2026-03-14 04:55:41 [info]: Zoom: Deleting meeting 88172606782
2026-03-14 04:55:42 [debug]: Cache HIT: zoom:access_token
2026-03-14 04:55:43 [debug]: Cache INVALIDATED: zoom:meetings:list
2026-03-14 04:55:43 [info]: Meeting deleted: ID 88172606782 (alreadyDeleted=false)
2026-03-14 04:55:43 [http]: ::1 - - [14/Mar/2026:01:55:43 +0000] "DELETE /api/meetings/88172606782 HTTP/1.1" 200 92 "http://localhost:5174/" "Mozilla/5.0 (Windows NT 10.0; Win64; x64) AppleWebKit/537.36 (KHTML, like Gecko) Chrome/145.0.0.0 Safari/537.36 Edg/145.0.0.0"
2026-03-14 04:56:00 [info]: Zoom: Fetching meetings list
2026-03-14 04:56:00 [debug]: Cache HIT: zoom:access_token
2026-03-14 04:56:00 [debug]: Cache SET: zoom:meetings:list (TTL: 30s)
2026-03-14 04:56:00 [info]: Meetings fetched: 0 results
2026-03-14 04:56:00 [http]: ::1 - - [14/Mar/2026:01:56:00 +0000] "GET /api/meetings HTTP/1.1" 200 36 "http://localhost:5174/" "Mozilla/5.0 (Windows NT 10.0; Win64; x64) AppleWebKit/537.36 (KHTML, like Gecko) Chrome/145.0.0.0 Safari/537.36 Edg/145.0.0.0"
