2026-03-13 03:00:10 [info]: 🚀 Server running on http://localhost:3001
2026-03-13 03:00:10 [info]: 📋 Environment: development
2026-03-13 03:00:10 [info]: 🔗 Accepting requests from: http://localhost:5173
2026-03-13 03:01:18 [info]: 🚀 Server running on http://localhost:3001
2026-03-13 03:01:18 [info]: 📋 Environment: development
2026-03-13 03:01:18 [info]: 🔗 Accepting requests from: http://localhost:5173
2026-03-13 03:01:19 [info]: 🚀 Server running on http://localhost:3001
2026-03-13 03:01:19 [info]: 📋 Environment: development
2026-03-13 03:01:19 [info]: 🔗 Accepting requests from: http://localhost:5173
2026-03-13 03:01:26 [info]: 🚀 Server running on http://localhost:3001
2026-03-13 03:01:26 [info]: 📋 Environment: development
2026-03-13 03:01:26 [info]: 🔗 Accepting requests from: http://localhost:5173
2026-03-13 03:01:30 [info]: 🚀 Server running on http://localhost:3001
2026-03-13 03:01:30 [info]: 📋 Environment: development
2026-03-13 03:01:30 [info]: 🔗 Accepting requests from: http://localhost:5173
2026-03-13 03:01:31 [info]: 🚀 Server running on http://localhost:3001
2026-03-13 03:01:31 [info]: 📋 Environment: development
2026-03-13 03:01:31 [info]: 🔗 Accepting requests from: http://localhost:5173
2026-03-13 03:01:35 [info]: 🚀 Server running on http://localhost:3001
2026-03-13 03:01:35 [info]: 📋 Environment: development
2026-03-13 03:01:35 [info]: 🔗 Accepting requests from: http://localhost:5173
2026-03-13 03:02:07 [info]: 🚀 Server running on http://localhost:3001
2026-03-13 03:02:07 [info]: 📋 Environment: development
2026-03-13 03:02:07 [info]: 🔗 Accepting requests from: http://localhost:5173
2026-03-13 03:03:17 [info]: 🚀 Server running on http://localhost:3001
2026-03-13 03:03:17 [info]: 📋 Environment: development
2026-03-13 03:03:17 [info]: 🔗 Accepting requests from: http://localhost:5173
2026-03-13 03:03:19 [info]: 🚀 Server running on http://localhost:3001
2026-03-13 03:03:19 [info]: 📋 Environment: development
2026-03-13 03:03:19 [info]: 🔗 Accepting requests from: http://localhost:5173
2026-03-13 03:03:23 [info]: 🚀 Server running on http://localhost:3001
2026-03-13 03:03:23 [info]: 📋 Environment: development
2026-03-13 03:03:23 [info]: 🔗 Accepting requests from: http://localhost:5173
2026-03-13 03:03:26 [info]: 🚀 Server running on http://localhost:3001
2026-03-13 03:03:26 [info]: 📋 Environment: development
2026-03-13 03:03:26 [info]: 🔗 Accepting requests from: http://localhost:5173
2026-03-13 03:11:35 [info]: 🚀 Server running on http://localhost:3001
2026-03-13 03:11:35 [info]: 📋 Environment: development
2026-03-13 03:11:35 [info]: 🔗 Accepting requests from: http://localhost:5173
2026-03-13 03:14:24 [info]: 🚀 Server running on http://localhost:3001
2026-03-13 03:14:24 [info]: 📋 Environment: development
2026-03-13 03:14:24 [info]: 🔗 Accepting requests from: http://localhost:5173
2026-03-13 03:14:27 [info]: 🚀 Server running on http://localhost:3001
2026-03-13 03:14:27 [info]: 📋 Environment: development
2026-03-13 03:14:27 [info]: 🔗 Accepting requests from: http://localhost:5173
2026-03-13 03:14:30 [info]: 🚀 Server running on http://localhost:3001
2026-03-13 03:14:30 [info]: 📋 Environment: development
2026-03-13 03:14:30 [info]: 🔗 Accepting requests from: http://localhost:5173
2026-03-13 03:14:31 [info]: 🚀 Server running on http://localhost:3001
2026-03-13 03:14:31 [info]: 📋 Environment: development
2026-03-13 03:14:31 [info]: 🔗 Accepting requests from: http://localhost:5173
2026-03-13 03:18:55 [info]: 🚀 Server running on http://localhost:3001
2026-03-13 03:18:55 [info]: 📋 Environment: development
2026-03-13 03:18:55 [info]: 🔗 Accepting requests from: http://localhost:5173
2026-03-13 03:19:44 [info]: 🚀 Server running on http://localhost:3001
2026-03-13 03:19:44 [info]: 📋 Environment: development
2026-03-13 03:19:44 [info]: 🔗 Accepting requests from: http://localhost:5173
2026-03-13 03:19:47 [info]: 🚀 Server running on http://localhost:3001
2026-03-13 03:19:47 [info]: 📋 Environment: development
2026-03-13 03:19:47 [info]: 🔗 Accepting requests from: http://localhost:5173
2026-03-13 03:21:57 [info]: 🚀 Server running on http://localhost:3001
2026-03-13 03:21:57 [info]: 📋 Environment: development
2026-03-13 03:21:57 [info]: 🔗 Accepting requests from: http://localhost:5173
2026-03-13 03:26:03 [info]: 🚀 Server running on http://localhost:3001
2026-03-13 03:26:03 [info]: 📋 Environment: development
2026-03-13 03:26:03 [info]: 🔗 Accepting requests from: http://localhost:5173
2026-03-13 03:41:42 [info]: 🚀 Server running on http://localhost:3001
2026-03-13 03:41:42 [info]: 📋 Environment: development
2026-03-13 03:41:42 [info]: 🔗 Accepting requests from: http://localhost:5173
2026-03-13 03:41:54 [info]: 🚀 Server running on http://localhost:3001
2026-03-13 03:41:54 [info]: 📋 Environment: development
2026-03-13 03:41:54 [info]: 🔗 Accepting requests from: http://localhost:5173
2026-03-13 03:42:07 [info]: 🚀 Server running on http://localhost:3001
2026-03-13 03:42:07 [info]: 📋 Environment: development
2026-03-13 03:42:07 [info]: 🔗 Accepting requests from: http://localhost:5173
2026-03-13 03:42:18 [info]: 🚀 Server running on http://localhost:3001
2026-03-13 03:42:18 [info]: 📋 Environment: development
2026-03-13 03:42:18 [info]: 🔗 Accepting requests from: http://localhost:5173
2026-03-13 03:42:20 [info]: 🚀 Server running on http://localhost:3001
2026-03-13 03:42:20 [info]: 📋 Environment: development
2026-03-13 03:42:20 [info]: 🔗 Accepting requests from: http://localhost:5173
2026-03-13 03:42:26 [info]: 🚀 Server running on http://localhost:3001
2026-03-13 03:42:26 [info]: 📋 Environment: development
2026-03-13 03:42:26 [info]: 🔗 Accepting requests from: http://localhost:5173
2026-03-13 03:42:32 [info]: 🚀 Server running on http://localhost:3001
2026-03-13 03:42:32 [info]: 📋 Environment: development
2026-03-13 03:42:32 [info]: 🔗 Accepting requests from: http://localhost:5173
2026-03-13 03:42:38 [info]: 🚀 Server running on http://localhost:3001
2026-03-13 03:42:38 [info]: 📋 Environment: development
2026-03-13 03:42:38 [info]: 🔗 Accepting requests from: http://localhost:5173
2026-03-13 03:42:44 [info]: 🚀 Server running on http://localhost:3001
2026-03-13 03:42:44 [info]: 📋 Environment: development
2026-03-13 03:42:44 [info]: 🔗 Accepting requests from: http://localhost:5173
2026-03-13 03:42:50 [info]: 🚀 Server running on http://localhost:3001
2026-03-13 03:42:50 [info]: 📋 Environment: development
2026-03-13 03:42:50 [info]: 🔗 Accepting requests from: http://localhost:5173
2026-03-13 03:42:52 [info]: 🚀 Server running on http://localhost:3001
2026-03-13 03:42:52 [info]: 📋 Environment: development
2026-03-13 03:42:52 [info]: 🔗 Accepting requests from: http://localhost:5173
2026-03-13 03:43:03 [info]: 🚀 Server running on http://localhost:3001
2026-03-13 03:43:03 [info]: 📋 Environment: development
2026-03-13 03:43:03 [info]: 🔗 Accepting requests from: http://localhost:5173
2026-03-13 03:44:20 [info]: 🚀 Server running on http://localhost:3001
2026-03-13 03:44:20 [info]: 📋 Environment: development
2026-03-13 03:44:20 [info]: 🔗 Accepting requests from: http://localhost:5173
2026-03-13 03:44:26 [info]: 🚀 Server running on http://localhost:3001
2026-03-13 03:44:26 [info]: 📋 Environment: development
2026-03-13 03:44:26 [info]: 🔗 Accepting requests from: http://localhost:5173
2026-03-13 03:44:29 [info]: 🚀 Server running on http://localhost:3001
2026-03-13 03:44:29 [info]: 📋 Environment: development
2026-03-13 03:44:29 [info]: 🔗 Accepting requests from: http://localhost:5173
2026-03-13 03:44:34 [info]: 🚀 Server running on http://localhost:3001
2026-03-13 03:44:34 [info]: 📋 Environment: development
2026-03-13 03:44:34 [info]: 🔗 Accepting requests from: http://localhost:5173
2026-03-13 03:44:38 [info]: 🚀 Server running on http://localhost:3001
2026-03-13 03:44:38 [info]: 📋 Environment: development
2026-03-13 03:44:38 [info]: 🔗 Accepting requests from: http://localhost:5173
2026-03-13 03:44:41 [info]: 🚀 Server running on http://localhost:3001
2026-03-13 03:44:41 [info]: 📋 Environment: development
2026-03-13 03:44:41 [info]: 🔗 Accepting requests from: http://localhost:5173
2026-03-13 03:44:47 [info]: 🚀 Server running on http://localhost:3001
2026-03-13 03:44:47 [info]: 📋 Environment: development
2026-03-13 03:44:47 [info]: 🔗 Accepting requests from: http://localhost:5173
2026-03-13 03:44:51 [info]: 🚀 Server running on http://localhost:3001
2026-03-13 03:44:51 [info]: 📋 Environment: development
2026-03-13 03:44:51 [info]: 🔗 Accepting requests from: http://localhost:5173
2026-03-13 03:44:54 [info]: 🚀 Server running on http://localhost:3001
2026-03-13 03:44:54 [info]: 📋 Environment: development
2026-03-13 03:44:54 [info]: 🔗 Accepting requests from: http://localhost:5173
2026-03-13 03:44:59 [info]: 🚀 Server running on http://localhost:3001
2026-03-13 03:44:59 [info]: 📋 Environment: development
2026-03-13 03:44:59 [info]: 🔗 Accepting requests from: http://localhost:5173
2026-03-13 03:45:02 [info]: 🚀 Server running on http://localhost:3001
2026-03-13 03:45:02 [info]: 📋 Environment: development
2026-03-13 03:45:02 [info]: 🔗 Accepting requests from: http://localhost:5173
2026-03-13 03:45:15 [info]: 🚀 Server running on http://localhost:3001
2026-03-13 03:45:15 [info]: 📋 Environment: development
2026-03-13 03:45:15 [info]: 🔗 Accepting requests from: http://localhost:5173
2026-03-13 03:45:21 [info]: 🚀 Server running on http://localhost:3001
2026-03-13 03:45:21 [info]: 📋 Environment: development
2026-03-13 03:45:21 [info]: 🔗 Accepting requests from: http://localhost:5173
2026-03-13 03:46:03 [info]: 🚀 Server running on http://localhost:3001
2026-03-13 03:46:03 [info]: 📋 Environment: development
2026-03-13 03:46:03 [info]: 🔗 Accepting requests from: http://localhost:5173
2026-03-13 03:46:09 [info]: 🚀 Server running on http://localhost:3001
2026-03-13 03:46:09 [info]: 📋 Environment: development
2026-03-13 03:46:09 [info]: 🔗 Accepting requests from: http://localhost:5173
2026-03-13 03:46:11 [info]: 🚀 Server running on http://localhost:3001
2026-03-13 03:46:11 [info]: 📋 Environment: development
2026-03-13 03:46:11 [info]: 🔗 Accepting requests from: http://localhost:5173
2026-03-13 03:46:19 [info]: 🚀 Server running on http://localhost:3001
2026-03-13 03:46:19 [info]: 📋 Environment: development
2026-03-13 03:46:19 [info]: 🔗 Accepting requests from: http://localhost:5173
2026-03-13 03:46:25 [info]: 🚀 Server running on http://localhost:3001
2026-03-13 03:46:25 [info]: 📋 Environment: development
2026-03-13 03:46:25 [info]: 🔗 Accepting requests from: http://localhost:5173
2026-03-13 03:46:32 [info]: 🚀 Server running on http://localhost:3001
2026-03-13 03:46:32 [info]: 📋 Environment: development
2026-03-13 03:46:32 [info]: 🔗 Accepting requests from: http://localhost:5173
2026-03-13 03:46:35 [info]: 🚀 Server running on http://localhost:3001
2026-03-13 03:46:35 [info]: 📋 Environment: development
2026-03-13 03:46:35 [info]: 🔗 Accepting requests from: http://localhost:5173
2026-03-13 03:47:42 [info]: Zoom: Fetching meetings list
2026-03-13 03:47:42 [info]: Zoom: Fetching new access token
2026-03-13 03:47:42 [debug]: Cache SET: zoom:access_token (TTL: 3500s)
2026-03-13 03:47:43 [debug]: Cache SET: zoom:meetings:list (TTL: 30s)
2026-03-13 03:47:43 [info]: Meetings fetched: 0 results
2026-03-13 03:47:43 [http]: ::1 - - [13/Mar/2026:00:47:43 +0000] "GET /api/meetings HTTP/1.1" 200 36 "http://localhost:5174/" "Mozilla/5.0 (Windows NT 10.0; Win64; x64) AppleWebKit/537.36 (KHTML, like Gecko) Chrome/145.0.0.0 Safari/537.36 Edg/145.0.0.0"
2026-03-13 03:47:43 [debug]: Cache HIT: zoom:meetings:list
2026-03-13 03:47:43 [info]: Meetings fetched: 0 results
2026-03-13 03:47:43 [http]: ::1 - - [13/Mar/2026:00:47:43 +0000] "GET /api/meetings HTTP/1.1" 304 - "http://localhost:5174/" "Mozilla/5.0 (Windows NT 10.0; Win64; x64) AppleWebKit/537.36 (KHTML, like Gecko) Chrome/145.0.0.0 Safari/537.36 Edg/145.0.0.0"
2026-03-13 03:47:58 [info]: Zoom: Creating meeting "test" at 2026-03-14T15:47:00
2026-03-13 03:47:58 [debug]: Cache HIT: zoom:access_token
2026-03-13 03:47:58 [debug]: Cache INVALIDATED: zoom:meetings:list (1 keys)
2026-03-13 03:47:58 [info]: Meeting created: ID 88695493039
2026-03-13 03:47:58 [http]: ::1 - - [13/Mar/2026:00:47:58 +0000] "POST /api/meetings HTTP/1.1" 201 - "http://localhost:5174/" "Mozilla/5.0 (Windows NT 10.0; Win64; x64) AppleWebKit/537.36 (KHTML, like Gecko) Chrome/145.0.0.0 Safari/537.36 Edg/145.0.0.0"
2026-03-13 03:48:12 [info]: Zoom: Fetching meetings list
2026-03-13 03:48:12 [debug]: Cache HIT: zoom:access_token
2026-03-13 03:48:13 [debug]: Cache SET: zoom:meetings:list (TTL: 30s)
2026-03-13 03:48:13 [info]: Meetings fetched: 1 results
2026-03-13 03:48:13 [http]: ::1 - - [13/Mar/2026:00:48:13 +0000] "GET /api/meetings HTTP/1.1" 200 338 "http://localhost:5174/" "Mozilla/5.0 (Windows NT 10.0; Win64; x64) AppleWebKit/537.36 (KHTML, like Gecko) Chrome/145.0.0.0 Safari/537.36 Edg/145.0.0.0"
2026-03-13 03:48:42 [debug]: Cache HIT: zoom:meetings:list
2026-03-13 03:48:42 [info]: Meetings fetched: 1 results
2026-03-13 03:48:42 [http]: ::1 - - [13/Mar/2026:00:48:42 +0000] "GET /api/meetings HTTP/1.1" 304 - "http://localhost:5174/" "Mozilla/5.0 (Windows NT 10.0; Win64; x64) AppleWebKit/537.36 (KHTML, like Gecko) Chrome/145.0.0.0 Safari/537.36 Edg/145.0.0.0"
2026-03-13 03:49:12 [debug]: Cache EXPIRED: zoom:meetings:list
2026-03-13 03:49:12 [info]: Zoom: Fetching meetings list
2026-03-13 03:49:12 [debug]: Cache HIT: zoom:access_token
2026-03-13 03:49:13 [debug]: Cache SET: zoom:meetings:list (TTL: 30s)
2026-03-13 03:49:13 [info]: Meetings fetched: 1 results
2026-03-13 03:49:13 [http]: ::1 - - [13/Mar/2026:00:49:13 +0000] "GET /api/meetings HTTP/1.1" 304 - "http://localhost:5174/" "Mozilla/5.0 (Windows NT 10.0; Win64; x64) AppleWebKit/537.36 (KHTML, like Gecko) Chrome/145.0.0.0 Safari/537.36 Edg/145.0.0.0"
2026-03-13 03:49:42 [debug]: Cache HIT: zoom:meetings:list
2026-03-13 03:49:42 [info]: Meetings fetched: 1 results
2026-03-13 03:49:42 [http]: ::1 - - [13/Mar/2026:00:49:42 +0000] "GET /api/meetings HTTP/1.1" 304 - "http://localhost:5174/" "Mozilla/5.0 (Windows NT 10.0; Win64; x64) AppleWebKit/537.36 (KHTML, like Gecko) Chrome/145.0.0.0 Safari/537.36 Edg/145.0.0.0"
2026-03-13 03:50:12 [debug]: Cache EXPIRED: zoom:meetings:list
2026-03-13 03:50:12 [info]: Zoom: Fetching meetings list
2026-03-13 03:50:12 [debug]: Cache HIT: zoom:access_token
2026-03-13 03:50:13 [debug]: Cache SET: zoom:meetings:list (TTL: 30s)
2026-03-13 03:50:13 [info]: Meetings fetched: 1 results
2026-03-13 03:50:13 [http]: ::1 - - [13/Mar/2026:00:50:13 +0000] "GET /api/meetings HTTP/1.1" 304 - "http://localhost:5174/" "Mozilla/5.0 (Windows NT 10.0; Win64; x64) AppleWebKit/537.36 (KHTML, like Gecko) Chrome/145.0.0.0 Safari/537.36 Edg/145.0.0.0"
2026-03-13 03:50:43 [debug]: Cache HIT: zoom:meetings:list
2026-03-13 03:50:43 [info]: Meetings fetched: 1 results
2026-03-13 03:50:43 [http]: ::1 - - [13/Mar/2026:00:50:43 +0000] "GET /api/meetings HTTP/1.1" 304 - "http://localhost:5174/" "Mozilla/5.0 (Windows NT 10.0; Win64; x64) AppleWebKit/537.36 (KHTML, like Gecko) Chrome/145.0.0.0 Safari/537.36 Edg/145.0.0.0"
2026-03-13 03:52:01 [debug]: Cache EXPIRED: zoom:meetings:list
2026-03-13 03:52:01 [info]: Zoom: Fetching meetings list
2026-03-13 03:52:01 [debug]: Cache HIT: zoom:access_token
2026-03-13 03:52:01 [debug]: Cache SET: zoom:meetings:list (TTL: 30s)
2026-03-13 03:52:01 [info]: Meetings fetched: 1 results
2026-03-13 03:52:01 [http]: ::1 - - [13/Mar/2026:00:52:01 +0000] "GET /api/meetings HTTP/1.1" 304 - "http://localhost:5174/" "Mozilla/5.0 (Windows NT 10.0; Win64; x64) AppleWebKit/537.36 (KHTML, like Gecko) Chrome/145.0.0.0 Safari/537.36 Edg/145.0.0.0"
2026-03-13 03:53:00 [debug]: Cache EXPIRED: zoom:meetings:list
2026-03-13 03:53:00 [info]: Zoom: Fetching meetings list
2026-03-13 03:53:00 [debug]: Cache HIT: zoom:access_token
2026-03-13 03:53:01 [debug]: Cache SET: zoom:meetings:list (TTL: 30s)
2026-03-13 03:53:01 [info]: Meetings fetched: 1 results
2026-03-13 03:53:01 [http]: ::1 - - [13/Mar/2026:00:53:01 +0000] "GET /api/meetings HTTP/1.1" 304 - "http://localhost:5174/" "Mozilla/5.0 (Windows NT 10.0; Win64; x64) AppleWebKit/537.36 (KHTML, like Gecko) Chrome/145.0.0.0 Safari/537.36 Edg/145.0.0.0"
2026-03-13 03:54:01 [debug]: Cache EXPIRED: zoom:meetings:list
2026-03-13 03:54:01 [info]: Zoom: Fetching meetings list
2026-03-13 03:54:01 [debug]: Cache HIT: zoom:access_token
2026-03-13 03:54:01 [debug]: Cache SET: zoom:meetings:list (TTL: 30s)
2026-03-13 03:54:01 [info]: Meetings fetched: 1 results
2026-03-13 03:54:01 [http]: ::1 - - [13/Mar/2026:00:54:01 +0000] "GET /api/meetings HTTP/1.1" 304 - "http://localhost:5174/" "Mozilla/5.0 (Windows NT 10.0; Win64; x64) AppleWebKit/537.36 (KHTML, like Gecko) Chrome/145.0.0.0 Safari/537.36 Edg/145.0.0.0"
2026-03-13 03:55:01 [debug]: Cache EXPIRED: zoom:meetings:list
2026-03-13 03:55:01 [info]: Zoom: Fetching meetings list
2026-03-13 03:55:01 [debug]: Cache HIT: zoom:access_token
2026-03-13 03:55:01 [debug]: Cache SET: zoom:meetings:list (TTL: 30s)
2026-03-13 03:55:01 [info]: Meetings fetched: 1 results
2026-03-13 03:55:01 [http]: ::1 - - [13/Mar/2026:00:55:01 +0000] "GET /api/meetings HTTP/1.1" 304 - "http://localhost:5174/" "Mozilla/5.0 (Windows NT 10.0; Win64; x64) AppleWebKit/537.36 (KHTML, like Gecko) Chrome/145.0.0.0 Safari/537.36 Edg/145.0.0.0"
2026-03-13 03:55:25 [debug]: Cache HIT: zoom:meetings:list
2026-03-13 03:55:25 [info]: Meetings fetched: 1 results
2026-03-13 03:55:25 [http]: ::1 - - [13/Mar/2026:00:55:25 +0000] "GET /api/meetings HTTP/1.1" 200 338 "-" "PostmanRuntime/7.51.1"
2026-03-13 04:03:46 [info]: 🚀 Server running on http://localhost:3001
2026-03-13 04:03:46 [info]: 📋 Environment: development
2026-03-13 04:03:46 [info]: 🔗 Accepting requests from: http://localhost:5173
2026-03-13 04:07:15 [info]: 🚀 Server running on http://localhost:3001
2026-03-13 04:07:15 [info]: 📋 Environment: development
2026-03-13 04:07:15 [info]: 🔗 Accepting requests from: http://localhost:5173
2026-03-13 04:07:19 [info]: 🚀 Server running on http://localhost:3001
2026-03-13 04:07:19 [info]: 📋 Environment: development
2026-03-13 04:07:19 [info]: 🔗 Accepting requests from: http://localhost:5173
2026-03-13 04:10:29 [info]: Zoom: Fetching meetings list
2026-03-13 04:10:29 [info]: Zoom: Fetching new access token
2026-03-13 04:10:30 [debug]: Cache SET: zoom:access_token (TTL: 3500s)
2026-03-13 04:10:31 [debug]: Cache SET: zoom:meetings:list (TTL: 30s)
2026-03-13 04:10:31 [info]: Meetings fetched: 1 results
2026-03-13 04:10:31 [http]: ::1 - - [13/Mar/2026:01:10:31 +0000] "GET /api/meetings HTTP/1.1" 304 - "http://localhost:5174/" "Mozilla/5.0 (Windows NT 10.0; Win64; x64) AppleWebKit/537.36 (KHTML, like Gecko) Chrome/145.0.0.0 Safari/537.36 Edg/145.0.0.0"
2026-03-13 04:10:34 [debug]: Cache HIT: zoom:meetings:list
2026-03-13 04:10:34 [info]: Meetings fetched: 1 results
2026-03-13 04:10:34 [http]: ::1 - - [13/Mar/2026:01:10:34 +0000] "GET /api/meetings HTTP/1.1" 304 - "http://localhost:5174/" "Mozilla/5.0 (Windows NT 10.0; Win64; x64) AppleWebKit/537.36 (KHTML, like Gecko) Chrome/145.0.0.0 Safari/537.36 Edg/145.0.0.0"
2026-03-13 04:10:42 [debug]: Cache HIT: zoom:meetings:list
2026-03-13 04:10:42 [info]: Meetings fetched: 1 results
2026-03-13 04:10:42 [http]: ::1 - - [13/Mar/2026:01:10:42 +0000] "GET /api/meetings HTTP/1.1" 304 - "http://localhost:5174/" "Mozilla/5.0 (Windows NT 10.0; Win64; x64) AppleWebKit/537.36 (KHTML, like Gecko) Chrome/145.0.0.0 Safari/537.36 Edg/145.0.0.0"
2026-03-13 04:10:43 [info]: Zoom: Deleting meeting 88695493039
2026-03-13 04:10:43 [debug]: Cache HIT: zoom:access_token
2026-03-13 04:10:44 [debug]: Cache INVALIDATED: zoom:meetings:list (1 keys)
2026-03-13 04:10:44 [info]: Meeting deleted: ID 88695493039 (alreadyDeleted=false)
2026-03-13 04:10:44 [http]: ::1 - - [13/Mar/2026:01:10:44 +0000] "DELETE /api/meetings/88695493039 HTTP/1.1" 200 92 "http://localhost:5174/" "Mozilla/5.0 (Windows NT 10.0; Win64; x64) AppleWebKit/537.36 (KHTML, like Gecko) Chrome/145.0.0.0 Safari/537.36 Edg/145.0.0.0"
2026-03-13 04:11:12 [info]: Zoom: Fetching meetings list
2026-03-13 04:11:12 [debug]: Cache HIT: zoom:access_token
2026-03-13 04:11:13 [debug]: Cache SET: zoom:meetings:list (TTL: 30s)
2026-03-13 04:11:13 [info]: Meetings fetched: 0 results
2026-03-13 04:11:13 [http]: ::1 - - [13/Mar/2026:01:11:13 +0000] "GET /api/meetings HTTP/1.1" 200 36 "http://localhost:5174/" "Mozilla/5.0 (Windows NT 10.0; Win64; x64) AppleWebKit/537.36 (KHTML, like Gecko) Chrome/145.0.0.0 Safari/537.36 Edg/145.0.0.0"
2026-03-13 04:11:42 [debug]: Cache HIT: zoom:meetings:list
2026-03-13 04:11:42 [info]: Meetings fetched: 0 results
2026-03-13 04:11:42 [http]: ::1 - - [13/Mar/2026:01:11:42 +0000] "GET /api/meetings HTTP/1.1" 304 - "http://localhost:5174/" "Mozilla/5.0 (Windows NT 10.0; Win64; x64) AppleWebKit/537.36 (KHTML, like Gecko) Chrome/145.0.0.0 Safari/537.36 Edg/145.0.0.0"
2026-03-13 04:12:16 [debug]: Cache EXPIRED: zoom:meetings:list
2026-03-13 04:12:16 [info]: Zoom: Fetching meetings list
2026-03-13 04:12:16 [debug]: Cache HIT: zoom:access_token
2026-03-13 04:12:17 [debug]: Cache SET: zoom:meetings:list (TTL: 30s)
2026-03-13 04:12:17 [info]: Meetings fetched: 0 results
2026-03-13 04:12:17 [http]: ::1 - - [13/Mar/2026:01:12:17 +0000] "GET /api/meetings HTTP/1.1" 304 - "http://localhost:5174/" "Mozilla/5.0 (Windows NT 10.0; Win64; x64) AppleWebKit/537.36 (KHTML, like Gecko) Chrome/145.0.0.0 Safari/537.36 Edg/145.0.0.0"
2026-03-13 04:12:42 [debug]: Cache HIT: zoom:meetings:list
2026-03-13 04:12:42 [info]: Meetings fetched: 0 results
2026-03-13 04:12:42 [http]: ::1 - - [13/Mar/2026:01:12:42 +0000] "GET /api/meetings HTTP/1.1" 304 - "http://localhost:5174/" "Mozilla/5.0 (Windows NT 10.0; Win64; x64) AppleWebKit/537.36 (KHTML, like Gecko) Chrome/145.0.0.0 Safari/537.36 Edg/145.0.0.0"
2026-03-13 04:13:12 [debug]: Cache EXPIRED: zoom:meetings:list
2026-03-13 04:13:12 [info]: Zoom: Fetching meetings list
2026-03-13 04:13:12 [debug]: Cache HIT: zoom:access_token
2026-03-13 04:13:13 [debug]: Cache SET: zoom:meetings:list (TTL: 30s)
2026-03-13 04:13:13 [info]: Meetings fetched: 0 results
2026-03-13 04:13:13 [http]: ::1 - - [13/Mar/2026:01:13:13 +0000] "GET /api/meetings HTTP/1.1" 304 - "http://localhost:5174/" "Mozilla/5.0 (Windows NT 10.0; Win64; x64) AppleWebKit/537.36 (KHTML, like Gecko) Chrome/145.0.0.0 Safari/537.36 Edg/145.0.0.0"
2026-03-13 04:14:00 [debug]: Cache EXPIRED: zoom:meetings:list
2026-03-13 04:14:00 [info]: Zoom: Fetching meetings list
2026-03-13 04:14:00 [debug]: Cache HIT: zoom:access_token
2026-03-13 04:14:01 [debug]: Cache SET: zoom:meetings:list (TTL: 30s)
2026-03-13 04:14:01 [info]: Meetings fetched: 0 results
2026-03-13 04:14:01 [http]: ::1 - - [13/Mar/2026:01:14:01 +0000] "GET /api/meetings HTTP/1.1" 304 - "http://localhost:5174/" "Mozilla/5.0 (Windows NT 10.0; Win64; x64) AppleWebKit/537.36 (KHTML, like Gecko) Chrome/145.0.0.0 Safari/537.36 Edg/145.0.0.0"
2026-03-13 04:15:01 [debug]: Cache EXPIRED: zoom:meetings:list
2026-03-13 04:15:01 [info]: Zoom: Fetching meetings list
2026-03-13 04:15:01 [debug]: Cache HIT: zoom:access_token
2026-03-13 04:15:01 [debug]: Cache SET: zoom:meetings:list (TTL: 30s)
2026-03-13 04:15:01 [info]: Meetings fetched: 0 results
2026-03-13 04:15:01 [http]: ::1 - - [13/Mar/2026:01:15:01 +0000] "GET /api/meetings HTTP/1.1" 304 - "http://localhost:5174/" "Mozilla/5.0 (Windows NT 10.0; Win64; x64) AppleWebKit/537.36 (KHTML, like Gecko) Chrome/145.0.0.0 Safari/537.36 Edg/145.0.0.0"
2026-03-13 04:16:01 [debug]: Cache EXPIRED: zoom:meetings:list
2026-03-13 04:16:01 [info]: Zoom: Fetching meetings list
2026-03-13 04:16:01 [debug]: Cache HIT: zoom:access_token
2026-03-13 04:16:01 [debug]: Cache SET: zoom:meetings:list (TTL: 30s)
2026-03-13 04:16:01 [info]: Meetings fetched: 0 results
2026-03-13 04:16:01 [http]: ::1 - - [13/Mar/2026:01:16:01 +0000] "GET /api/meetings HTTP/1.1" 304 - "http://localhost:5174/" "Mozilla/5.0 (Windows NT 10.0; Win64; x64) AppleWebKit/537.36 (KHTML, like Gecko) Chrome/145.0.0.0 Safari/537.36 Edg/145.0.0.0"
2026-03-13 04:17:01 [debug]: Cache EXPIRED: zoom:meetings:list
2026-03-13 04:17:01 [info]: Zoom: Fetching meetings list
2026-03-13 04:17:01 [debug]: Cache HIT: zoom:access_token
2026-03-13 04:17:01 [debug]: Cache SET: zoom:meetings:list (TTL: 30s)
2026-03-13 04:17:01 [info]: Meetings fetched: 0 results
2026-03-13 04:17:01 [http]: ::1 - - [13/Mar/2026:01:17:01 +0000] "GET /api/meetings HTTP/1.1" 304 - "http://localhost:5174/" "Mozilla/5.0 (Windows NT 10.0; Win64; x64) AppleWebKit/537.36 (KHTML, like Gecko) Chrome/145.0.0.0 Safari/537.36 Edg/145.0.0.0"
2026-03-13 04:18:00 [debug]: Cache EXPIRED: zoom:meetings:list
2026-03-13 04:18:00 [info]: Zoom: Fetching meetings list
2026-03-13 04:18:00 [debug]: Cache HIT: zoom:access_token
2026-03-13 04:18:01 [debug]: Cache SET: zoom:meetings:list (TTL: 30s)
2026-03-13 04:18:01 [info]: Meetings fetched: 0 results
2026-03-13 04:18:01 [http]: ::1 - - [13/Mar/2026:01:18:01 +0000] "GET /api/meetings HTTP/1.1" 304 - "http://localhost:5174/" "Mozilla/5.0 (Windows NT 10.0; Win64; x64) AppleWebKit/537.36 (KHTML, like Gecko) Chrome/145.0.0.0 Safari/537.36 Edg/145.0.0.0"
2026-03-13 04:19:00 [debug]: Cache EXPIRED: zoom:meetings:list
2026-03-13 04:19:00 [info]: Zoom: Fetching meetings list
2026-03-13 04:19:00 [debug]: Cache HIT: zoom:access_token
2026-03-13 04:19:01 [debug]: Cache SET: zoom:meetings:list (TTL: 30s)
2026-03-13 04:19:01 [info]: Meetings fetched: 0 results
2026-03-13 04:19:01 [http]: ::1 - - [13/Mar/2026:01:19:01 +0000] "GET /api/meetings HTTP/1.1" 304 - "http://localhost:5174/" "Mozilla/5.0 (Windows NT 10.0; Win64; x64) AppleWebKit/537.36 (KHTML, like Gecko) Chrome/145.0.0.0 Safari/537.36 Edg/145.0.0.0"
2026-03-13 04:20:00 [debug]: Cache EXPIRED: zoom:meetings:list
2026-03-13 04:20:00 [info]: Zoom: Fetching meetings list
2026-03-13 04:20:01 [debug]: Cache HIT: zoom:access_token
2026-03-13 04:20:01 [debug]: Cache SET: zoom:meetings:list (TTL: 30s)
2026-03-13 04:20:01 [info]: Meetings fetched: 0 results
2026-03-13 04:20:01 [http]: ::1 - - [13/Mar/2026:01:20:01 +0000] "GET /api/meetings HTTP/1.1" 304 - "http://localhost:5174/" "Mozilla/5.0 (Windows NT 10.0; Win64; x64) AppleWebKit/537.36 (KHTML, like Gecko) Chrome/145.0.0.0 Safari/537.36 Edg/145.0.0.0"
2026-03-13 04:21:00 [debug]: Cache EXPIRED: zoom:meetings:list
2026-03-13 04:21:00 [info]: Zoom: Fetching meetings list
2026-03-13 04:21:00 [debug]: Cache HIT: zoom:access_token
2026-03-13 04:21:01 [debug]: Cache SET: zoom:meetings:list (TTL: 30s)
2026-03-13 04:21:01 [info]: Meetings fetched: 0 results
2026-03-13 04:21:01 [http]: ::1 - - [13/Mar/2026:01:21:01 +0000] "GET /api/meetings HTTP/1.1" 304 - "http://localhost:5174/" "Mozilla/5.0 (Windows NT 10.0; Win64; x64) AppleWebKit/537.36 (KHTML, like Gecko) Chrome/145.0.0.0 Safari/537.36 Edg/145.0.0.0"
2026-03-13 04:22:01 [debug]: Cache EXPIRED: zoom:meetings:list
2026-03-13 04:22:01 [info]: Zoom: Fetching meetings list
2026-03-13 04:22:01 [debug]: Cache HIT: zoom:access_token
2026-03-13 04:22:01 [debug]: Cache SET: zoom:meetings:list (TTL: 30s)
2026-03-13 04:22:01 [info]: Meetings fetched: 0 results
2026-03-13 04:22:01 [http]: ::1 - - [13/Mar/2026:01:22:01 +0000] "GET /api/meetings HTTP/1.1" 304 - "http://localhost:5174/" "Mozilla/5.0 (Windows NT 10.0; Win64; x64) AppleWebKit/537.36 (KHTML, like Gecko) Chrome/145.0.0.0 Safari/537.36 Edg/145.0.0.0"
2026-03-13 04:23:01 [debug]: Cache EXPIRED: zoom:meetings:list
2026-03-13 04:23:01 [info]: Zoom: Fetching meetings list
2026-03-13 04:23:01 [debug]: Cache HIT: zoom:access_token
2026-03-13 04:23:01 [debug]: Cache SET: zoom:meetings:list (TTL: 30s)
2026-03-13 04:23:01 [info]: Meetings fetched: 0 results
2026-03-13 04:23:01 [http]: ::1 - - [13/Mar/2026:01:23:01 +0000] "GET /api/meetings HTTP/1.1" 304 - "http://localhost:5174/" "Mozilla/5.0 (Windows NT 10.0; Win64; x64) AppleWebKit/537.36 (KHTML, like Gecko) Chrome/145.0.0.0 Safari/537.36 Edg/145.0.0.0"
2026-03-13 04:38:48 [info]: 🚀 Server running on http://localhost:3001
2026-03-13 04:38:48 [info]: 📋 Environment: development
2026-03-13 04:38:48 [info]: 🔗 Accepting requests from: http://localhost:5173
2026-03-13 04:38:54 [info]: 🚀 Server running on http://localhost:3001
2026-03-13 04:38:54 [info]: 📋 Environment: development
2026-03-13 04:38:54 [info]: 🔗 Accepting requests from: http://localhost:5173
2026-03-13 04:39:07 [info]: 🚀 Server running on http://localhost:3001
2026-03-13 04:39:07 [info]: 📋 Environment: development
2026-03-13 04:39:07 [info]: 🔗 Accepting requests from: http://localhost:5173
2026-03-13 04:39:10 [info]: 🚀 Server running on http://localhost:3001
2026-03-13 04:39:10 [info]: 📋 Environment: development
2026-03-13 04:39:10 [info]: 🔗 Accepting requests from: http://localhost:5173
2026-03-13 04:39:14 [info]: 🚀 Server running on http://localhost:3001
2026-03-13 04:39:14 [info]: 📋 Environment: development
2026-03-13 04:39:14 [info]: 🔗 Accepting requests from: http://localhost:5173
2026-03-13 04:39:18 [info]: 🚀 Server running on http://localhost:3001
2026-03-13 04:39:18 [info]: 📋 Environment: development
2026-03-13 04:39:18 [info]: 🔗 Accepting requests from: http://localhost:5173
2026-03-13 04:39:29 [info]: 🚀 Server running on http://localhost:3001
2026-03-13 04:39:29 [info]: 📋 Environment: development
2026-03-13 04:39:29 [info]: 🔗 Accepting requests from: http://localhost:5173
2026-03-13 04:39:30 [info]: 🚀 Server running on http://localhost:3001
2026-03-13 04:39:30 [info]: 📋 Environment: development
2026-03-13 04:39:30 [info]: 🔗 Accepting requests from: http://localhost:5173
2026-03-13 04:39:36 [info]: 🚀 Server running on http://localhost:3001
2026-03-13 04:39:36 [info]: 📋 Environment: development
2026-03-13 04:39:36 [info]: 🔗 Accepting requests from: http://localhost:5173
2026-03-13 04:39:52 [info]: 🚀 Server running on http://localhost:3001
2026-03-13 04:39:52 [info]: 📋 Environment: development
2026-03-13 04:39:52 [info]: 🔗 Accepting requests from: http://localhost:5173
2026-03-13 04:39:58 [info]: 🚀 Server running on http://localhost:3001
2026-03-13 04:39:58 [info]: 📋 Environment: development
2026-03-13 04:39:58 [info]: 🔗 Accepting requests from: http://localhost:5173
2026-03-13 04:40:00 [info]: 🚀 Server running on http://localhost:3001
2026-03-13 04:40:01 [info]: 📋 Environment: development
2026-03-13 04:40:01 [info]: 🔗 Accepting requests from: http://localhost:5173
2026-03-13 04:41:54 [info]: 🚀 Server running on http://localhost:3001
2026-03-13 04:41:54 [info]: 📋 Environment: development
2026-03-13 04:41:54 [info]: 🔗 Accepting requests from: http://localhost:5173
2026-03-13 04:42:09 [info]: 🚀 Server running on http://localhost:3001
2026-03-13 04:42:09 [info]: 📋 Environment: development
2026-03-13 04:42:09 [info]: 🔗 Accepting requests from: http://localhost:5173
2026-03-13 04:42:11 [info]: 🚀 Server running on http://localhost:3001
2026-03-13 04:42:11 [info]: 📋 Environment: development
2026-03-13 04:42:11 [info]: 🔗 Accepting requests from: http://localhost:5173
2026-03-13 04:42:17 [info]: 🚀 Server running on http://localhost:3001
2026-03-13 04:42:17 [info]: 📋 Environment: development
2026-03-13 04:42:17 [info]: 🔗 Accepting requests from: http://localhost:5173
2026-03-13 04:42:18 [info]: 🚀 Server running on http://localhost:3001
2026-03-13 04:42:18 [info]: 📋 Environment: development
2026-03-13 04:42:18 [info]: 🔗 Accepting requests from: http://localhost:5173
2026-03-13 04:42:22 [info]: 🚀 Server running on http://localhost:3001
2026-03-13 04:42:22 [info]: 📋 Environment: development
2026-03-13 04:42:22 [info]: 🔗 Accepting requests from: http://localhost:5173
2026-03-13 04:42:27 [info]: 🚀 Server running on http://localhost:3001
2026-03-13 04:42:27 [info]: 📋 Environment: development
2026-03-13 04:42:27 [info]: 🔗 Accepting requests from: http://localhost:5173
2026-03-13 04:42:29 [info]: 🚀 Server running on http://localhost:3001
2026-03-13 04:42:29 [info]: 📋 Environment: development
2026-03-13 04:42:29 [info]: 🔗 Accepting requests from: http://localhost:5173
2026-03-13 04:42:35 [info]: 🚀 Server running on http://localhost:3001
2026-03-13 04:42:35 [info]: 📋 Environment: development
2026-03-13 04:42:35 [info]: 🔗 Accepting requests from: http://localhost:5173
2026-03-13 04:42:46 [info]: 🚀 Server running on http://localhost:3001
2026-03-13 04:42:46 [info]: 📋 Environment: development
2026-03-13 04:42:46 [info]: 🔗 Accepting requests from: http://localhost:5173
2026-03-13 04:42:51 [info]: 🚀 Server running on http://localhost:3001
2026-03-13 04:42:51 [info]: 📋 Environment: development
2026-03-13 04:42:51 [info]: 🔗 Accepting requests from: http://localhost:5173
2026-03-13 04:42:55 [info]: 🚀 Server running on http://localhost:3001
2026-03-13 04:42:55 [info]: 📋 Environment: development
2026-03-13 04:42:55 [info]: 🔗 Accepting requests from: http://localhost:5173
2026-03-13 04:42:59 [info]: 🚀 Server running on http://localhost:3001
2026-03-13 04:42:59 [info]: 📋 Environment: development
2026-03-13 04:42:59 [info]: 🔗 Accepting requests from: http://localhost:5173
2026-03-13 04:43:03 [info]: 🚀 Server running on http://localhost:3001
2026-03-13 04:43:03 [info]: 📋 Environment: development
2026-03-13 04:43:03 [info]: 🔗 Accepting requests from: http://localhost:5173
2026-03-13 04:43:55 [info]: 🚀 Server running on http://localhost:3001
2026-03-13 04:43:55 [info]: 📋 Environment: development
2026-03-13 04:43:55 [info]: 🔗 Accepting requests from: http://localhost:5173
2026-03-13 04:44:04 [info]: 🚀 Server running on http://localhost:3001
2026-03-13 04:44:04 [info]: 📋 Environment: development
2026-03-13 04:44:04 [info]: 🔗 Accepting requests from: http://localhost:5173
2026-03-13 04:44:09 [info]: 🚀 Server running on http://localhost:3001
2026-03-13 04:44:09 [info]: 📋 Environment: development
2026-03-13 04:44:09 [info]: 🔗 Accepting requests from: http://localhost:5173
2026-03-13 04:44:47 [info]: 🚀 Server running on http://localhost:3001
2026-03-13 04:44:47 [info]: 📋 Environment: development
2026-03-13 04:44:47 [info]: 🔗 Accepting requests from: http://localhost:5173
2026-03-13 04:46:40 [info]: 🚀 Server running on http://localhost:3001
2026-03-13 04:46:40 [info]: 📋 Environment: development
2026-03-13 04:46:40 [info]: 🔗 Accepting requests from: http://localhost:5173
2026-03-13 04:47:02 [info]: 🚀 Server running on http://localhost:3001
2026-03-13 04:47:02 [info]: 📋 Environment: development
2026-03-13 04:47:02 [info]: 🔗 Accepting requests from: http://localhost:5173
2026-03-13 04:47:10 [info]: 🚀 Server running on http://localhost:3001
2026-03-13 04:47:10 [info]: 📋 Environment: development
2026-03-13 04:47:10 [info]: 🔗 Accepting requests from: http://localhost:5173
2026-03-13 04:47:30 [info]: 🚀 Server running on http://localhost:3001
2026-03-13 04:47:30 [info]: 📋 Environment: development
2026-03-13 04:47:30 [info]: 🔗 Accepting requests from: http://localhost:5173
2026-03-13 04:47:34 [info]: 🚀 Server running on http://localhost:3001
2026-03-13 04:47:34 [info]: 📋 Environment: development
2026-03-13 04:47:34 [info]: 🔗 Accepting requests from: http://localhost:5173
2026-03-13 04:48:05 [info]: 🚀 Server running on http://localhost:3001
2026-03-13 04:48:05 [info]: 📋 Environment: development
2026-03-13 04:48:05 [info]: 🔗 Accepting requests from: http://localhost:5173
2026-03-13 04:48:21 [info]: 🚀 Server running on http://localhost:3001
2026-03-13 04:48:21 [info]: 📋 Environment: development
2026-03-13 04:48:21 [info]: 🔗 Accepting requests from: http://localhost:5173
2026-03-13 04:48:24 [info]: 🚀 Server running on http://localhost:3001
2026-03-13 04:48:24 [info]: 📋 Environment: development
2026-03-13 04:48:24 [info]: 🔗 Accepting requests from: http://localhost:5173
2026-03-13 04:50:49 [info]: 🚀 Server running on http://localhost:3001
2026-03-13 04:50:49 [info]: 📋 Environment: development
2026-03-13 04:50:49 [info]: 🔗 Accepting requests from: http://localhost:5173
2026-03-13 04:50:58 [info]: 🚀 Server running on http://localhost:3001
2026-03-13 04:50:58 [info]: 📋 Environment: development
2026-03-13 04:50:58 [info]: 🔗 Accepting requests from: http://localhost:5173
2026-03-13 04:51:03 [info]: 🚀 Server running on http://localhost:3001
2026-03-13 04:51:03 [info]: 📋 Environment: development
2026-03-13 04:51:03 [info]: 🔗 Accepting requests from: http://localhost:5173
2026-03-13 04:59:54 [info]: 🚀 Server running on http://localhost:3001
2026-03-13 04:59:54 [info]: 📋 Environment: development
2026-03-13 04:59:54 [info]: 🔗 Accepting requests from: http://localhost:5173
2026-03-13 05:00:10 [info]: 🚀 Server running on http://localhost:3001
2026-03-13 05:00:10 [info]: 📋 Environment: development
2026-03-13 05:00:10 [info]: 🔗 Accepting requests from: http://localhost:5173
2026-03-13 05:00:17 [info]: 🚀 Server running on http://localhost:3001
2026-03-13 05:00:17 [info]: 📋 Environment: development
2026-03-13 05:00:17 [info]: 🔗 Accepting requests from: http://localhost:5173
2026-03-13 05:00:53 [info]: 🚀 Server running on http://localhost:3001
2026-03-13 05:00:53 [info]: 📋 Environment: development
2026-03-13 05:00:53 [info]: 🔗 Accepting requests from: http://localhost:5173
2026-03-13 05:02:23 [info]: 🚀 Server running on http://localhost:3001
2026-03-13 05:02:23 [info]: 📋 Environment: development
2026-03-13 05:02:23 [info]: 🔗 Accepting requests from: http://localhost:5173
2026-03-13 05:02:51 [info]: 🚀 Server running on http://localhost:3001
2026-03-13 05:02:51 [info]: 📋 Environment: development
2026-03-13 05:02:51 [info]: 🔗 Accepting requests from: http://localhost:5173
2026-03-13 05:03:12 [info]: Server running on http://localhost:3001
2026-03-13 05:03:12 [info]: Environment: development
2026-03-13 05:03:12 [info]: Accepting requests from: http://localhost:5173
2026-03-13 05:03:31 [info]: Server running on http://localhost:3001
2026-03-13 05:03:31 [info]: Environment: development
2026-03-13 05:03:32 [info]: Accepting requests from: http://localhost:5173
2026-03-13 05:03:45 [info]: Server running on http://localhost:3001
2026-03-13 05:03:45 [info]: Environment: development
2026-03-13 05:03:45 [info]: Accepting requests from: http://localhost:5173
2026-03-13 05:04:05 [info]: Server running on http://localhost:3001
2026-03-13 05:04:05 [info]: Environment: development
2026-03-13 05:04:05 [info]: Accepting requests from: http://localhost:5173
2026-03-13 05:07:56 [info]: Server running on http://localhost:3001
2026-03-13 05:07:56 [info]: Environment: development
2026-03-13 05:07:56 [info]: Accepting requests from: http://localhost:5173
2026-03-13 05:10:47 [info]: Meeting created: ID 123
2026-03-13 05:16:35 [info]: Server running on http://localhost:3001
2026-03-13 05:16:35 [info]: Environment: development
2026-03-13 05:16:35 [info]: Accepting requests from: http://localhost:5173
2026-03-13 05:16:45 [info]: Server running on http://localhost:3001
2026-03-13 05:16:45 [info]: Environment: development
2026-03-13 05:16:45 [info]: Accepting requests from: http://localhost:5173
2026-03-13 05:17:28 [info]: Jest run started | {"totalTests":0,"totalSuites":1}
2026-03-13 05:17:31 [info]: Meeting created: ID 123
2026-03-13 05:17:31 [info]: Jest test file completed | {"file":"D:\\Node\\zoom-manager\\zoom-manager\\server\\tests\\meetings.validation.test.js","status":"passed","durationMs":3338,"tests":2,"passed":2,"failed":0}
2026-03-13 05:17:31 [info]: Jest run completed | {"success":false,"totalTests":2,"passed":2,"failed":0,"skipped":0,"totalSuites":1}
2026-03-13 05:20:58 [info]: Server running on http://localhost:3001
2026-03-13 05:20:58 [info]: Environment: development
2026-03-13 05:20:58 [info]: Accepting requests from: http://localhost:5173
2026-03-13 14:32:05 [info]: Zoom: Fetching meetings list
2026-03-13 14:32:05 [info]: Zoom: Fetching new access token
2026-03-13 14:32:06 [info]: Zoom: Fetching meetings list
2026-03-13 14:32:06 [info]: Zoom: Fetching new access token
2026-03-13 14:32:07 [debug]: Cache SET: zoom:access_token (TTL: 3500s)
2026-03-13 14:32:07 [debug]: Cache SET: zoom:access_token (TTL: 3500s)
2026-03-13 14:32:08 [debug]: Cache SET: zoom:meetings:list (TTL: 60s)
2026-03-13 14:32:08 [info]: Meetings fetched: 0 results
2026-03-13 14:32:08 [http]: ::1 - - [13/Mar/2026:11:32:08 +0000] "GET /api/meetings HTTP/1.1" 200 36 "http://localhost:5174/" "Mozilla/5.0 (Windows NT 10.0; Win64; x64) AppleWebKit/537.36 (KHTML, like Gecko) Chrome/145.0.0.0 Safari/537.36 Edg/145.0.0.0"
2026-03-13 14:32:08 [debug]: Cache HIT: zoom:meetings:list
2026-03-13 14:32:08 [info]: Meetings fetched: 0 results
2026-03-13 14:32:08 [http]: ::1 - - [13/Mar/2026:11:32:08 +0000] "GET /api/meetings HTTP/1.1" 304 - "http://localhost:5174/" "Mozilla/5.0 (Windows NT 10.0; Win64; x64) AppleWebKit/537.36 (KHTML, like Gecko) Chrome/145.0.0.0 Safari/537.36 Edg/145.0.0.0"
2026-03-13 14:32:08 [debug]: Cache SET: zoom:meetings:list (TTL: 60s)
2026-03-13 14:32:08 [info]: Meetings fetched: 0 results
2026-03-13 14:32:08 [http]: ::1 - - [13/Mar/2026:11:32:08 +0000] "GET /api/meetings HTTP/1.1" 304 - "http://localhost:5174/" "Mozilla/5.0 (Windows NT 10.0; Win64; x64) AppleWebKit/537.36 (KHTML, like Gecko) Chrome/145.0.0.0 Safari/537.36 Edg/145.0.0.0"
2026-03-13 14:32:10 [debug]: Cache HIT: zoom:meetings:list
2026-03-13 14:32:10 [info]: Meetings fetched: 0 results
2026-03-13 14:32:10 [http]: ::1 - - [13/Mar/2026:11:32:10 +0000] "GET /api/meetings HTTP/1.1" 304 - "http://localhost:5174/" "Mozilla/5.0 (Windows NT 10.0; Win64; x64) AppleWebKit/537.36 (KHTML, like Gecko) Chrome/145.0.0.0 Safari/537.36 Edg/145.0.0.0"
2026-03-13 14:32:10 [debug]: Cache HIT: zoom:meetings:list
2026-03-13 14:32:10 [info]: Meetings fetched: 0 results
2026-03-13 14:32:10 [http]: ::1 - - [13/Mar/2026:11:32:10 +0000] "GET /api/meetings HTTP/1.1" 304 - "http://localhost:5174/" "Mozilla/5.0 (Windows NT 10.0; Win64; x64) AppleWebKit/537.36 (KHTML, like Gecko) Chrome/145.0.0.0 Safari/537.36 Edg/145.0.0.0"
2026-03-13 14:32:26 [info]: Zoom: Creating meeting "اول ميتينغ" at 2026-03-13T14:32:00
2026-03-13 14:32:26 [debug]: Cache HIT: zoom:access_token
2026-03-13 14:32:28 [debug]: Cache INVALIDATED: zoom:meetings:list (1 keys)
2026-03-13 14:32:28 [info]: Meeting created: ID 82016183121
2026-03-13 14:32:28 [http]: ::1 - - [13/Mar/2026:11:32:28 +0000] "POST /api/meetings HTTP/1.1" 201 - "http://localhost:5174/" "Mozilla/5.0 (Windows NT 10.0; Win64; x64) AppleWebKit/537.36 (KHTML, like Gecko) Chrome/145.0.0.0 Safari/537.36 Edg/145.0.0.0"
2026-03-13 14:32:34 [info]: Zoom: Fetching meetings list
2026-03-13 14:32:34 [debug]: Cache HIT: zoom:access_token
2026-03-13 14:32:35 [debug]: Cache SET: zoom:meetings:list (TTL: 60s)
2026-03-13 14:32:35 [info]: Meetings fetched: 1 results
2026-03-13 14:32:35 [http]: ::1 - - [13/Mar/2026:11:32:35 +0000] "GET /api/meetings HTTP/1.1" 200 353 "http://localhost:5174/" "Mozilla/5.0 (Windows NT 10.0; Win64; x64) AppleWebKit/537.36 (KHTML, like Gecko) Chrome/145.0.0.0 Safari/537.36 Edg/145.0.0.0"
2026-03-13 14:32:40 [debug]: Cache HIT: zoom:meetings:list
2026-03-13 14:32:40 [info]: Meetings fetched: 1 results
2026-03-13 14:32:40 [http]: ::1 - - [13/Mar/2026:11:32:40 +0000] "GET /api/meetings HTTP/1.1" 304 - "http://localhost:5174/" "Mozilla/5.0 (Windows NT 10.0; Win64; x64) AppleWebKit/537.36 (KHTML, like Gecko) Chrome/145.0.0.0 Safari/537.36 Edg/145.0.0.0"
2026-03-13 14:32:43 [info]: Zoom: Creating meeting "تاني ميتينغ" at 2026-03-13T14:32:00
2026-03-13 14:32:43 [debug]: Cache HIT: zoom:access_token
2026-03-13 14:32:45 [debug]: Cache INVALIDATED: zoom:meetings:list (1 keys)
2026-03-13 14:32:45 [info]: Meeting created: ID 84712200118
2026-03-13 14:32:45 [http]: ::1 - - [13/Mar/2026:11:32:45 +0000] "POST /api/meetings HTTP/1.1" 201 - "http://localhost:5174/" "Mozilla/5.0 (Windows NT 10.0; Win64; x64) AppleWebKit/537.36 (KHTML, like Gecko) Chrome/145.0.0.0 Safari/537.36 Edg/145.0.0.0"
2026-03-13 14:32:50 [info]: Zoom: Fetching meetings list
2026-03-13 14:32:50 [debug]: Cache HIT: zoom:access_token
2026-03-13 14:32:51 [debug]: Cache SET: zoom:meetings:list (TTL: 60s)
2026-03-13 14:32:51 [info]: Meetings fetched: 2 results
2026-03-13 14:32:51 [http]: ::1 - - [13/Mar/2026:11:32:51 +0000] "GET /api/meetings HTTP/1.1" 200 673 "http://localhost:5174/" "Mozilla/5.0 (Windows NT 10.0; Win64; x64) AppleWebKit/537.36 (KHTML, like Gecko) Chrome/145.0.0.0 Safari/537.36 Edg/145.0.0.0"
2026-03-13 14:32:51 [debug]: Cache HIT: zoom:meetings:list
2026-03-13 14:32:51 [info]: Meetings fetched: 2 results
2026-03-13 14:32:51 [http]: ::1 - - [13/Mar/2026:11:32:51 +0000] "GET /api/meetings HTTP/1.1" 304 - "http://localhost:5174/" "Mozilla/5.0 (Windows NT 10.0; Win64; x64) AppleWebKit/537.36 (KHTML, like Gecko) Chrome/145.0.0.0 Safari/537.36 Edg/145.0.0.0"
2026-03-13 14:32:53 [debug]: Cache HIT: zoom:meetings:list
2026-03-13 14:32:53 [info]: Meetings fetched: 2 results
2026-03-13 14:32:53 [http]: ::1 - - [13/Mar/2026:11:32:53 +0000] "GET /api/meetings HTTP/1.1" 304 - "http://localhost:5174/" "Mozilla/5.0 (Windows NT 10.0; Win64; x64) AppleWebKit/537.36 (KHTML, like Gecko) Chrome/145.0.0.0 Safari/537.36 Edg/145.0.0.0"
2026-03-13 14:32:56 [info]: Zoom: Deleting meeting 82016183121
2026-03-13 14:32:56 [debug]: Cache HIT: zoom:access_token
2026-03-13 14:32:57 [debug]: Cache INVALIDATED: zoom:meetings:list (1 keys)
2026-03-13 14:32:57 [info]: Meeting deleted: ID 82016183121 (alreadyDeleted=false)
2026-03-13 14:32:57 [http]: ::1 - - [13/Mar/2026:11:32:57 +0000] "DELETE /api/meetings/82016183121 HTTP/1.1" 200 92 "http://localhost:5174/" "Mozilla/5.0 (Windows NT 10.0; Win64; x64) AppleWebKit/537.36 (KHTML, like Gecko) Chrome/145.0.0.0 Safari/537.36 Edg/145.0.0.0"
2026-03-13 14:33:20 [info]: Zoom: Fetching meetings list
2026-03-13 14:33:20 [debug]: Cache HIT: zoom:access_token
2026-03-13 14:33:23 [debug]: Cache SET: zoom:meetings:list (TTL: 60s)
2026-03-13 14:33:23 [info]: Meetings fetched: 1 results
2026-03-13 14:33:23 [http]: ::1 - - [13/Mar/2026:11:33:23 +0000] "GET /api/meetings HTTP/1.1" 200 355 "http://localhost:5174/" "Mozilla/5.0 (Windows NT 10.0; Win64; x64) AppleWebKit/537.36 (KHTML, like Gecko) Chrome/145.0.0.0 Safari/537.36 Edg/145.0.0.0"
2026-03-13 14:33:50 [debug]: Cache HIT: zoom:meetings:list
2026-03-13 14:33:50 [info]: Meetings fetched: 1 results
2026-03-13 14:33:50 [http]: ::1 - - [13/Mar/2026:11:33:50 +0000] "GET /api/meetings HTTP/1.1" 304 - "http://localhost:5174/" "Mozilla/5.0 (Windows NT 10.0; Win64; x64) AppleWebKit/537.36 (KHTML, like Gecko) Chrome/145.0.0.0 Safari/537.36 Edg/145.0.0.0"
2026-03-13 14:34:20 [debug]: Cache HIT: zoom:meetings:list
2026-03-13 14:34:20 [info]: Meetings fetched: 1 results
2026-03-13 14:34:20 [http]: ::1 - - [13/Mar/2026:11:34:20 +0000] "GET /api/meetings HTTP/1.1" 304 - "http://localhost:5174/" "Mozilla/5.0 (Windows NT 10.0; Win64; x64) AppleWebKit/537.36 (KHTML, like Gecko) Chrome/145.0.0.0 Safari/537.36 Edg/145.0.0.0"
2026-03-13 14:34:50 [debug]: Cache EXPIRED: zoom:meetings:list
2026-03-13 14:34:50 [info]: Zoom: Fetching meetings list
2026-03-13 14:34:50 [debug]: Cache HIT: zoom:access_token
2026-03-13 14:34:51 [debug]: Cache SET: zoom:meetings:list (TTL: 60s)
2026-03-13 14:34:51 [info]: Meetings fetched: 1 results
2026-03-13 14:34:51 [http]: ::1 - - [13/Mar/2026:11:34:51 +0000] "GET /api/meetings HTTP/1.1" 304 - "http://localhost:5174/" "Mozilla/5.0 (Windows NT 10.0; Win64; x64) AppleWebKit/537.36 (KHTML, like Gecko) Chrome/145.0.0.0 Safari/537.36 Edg/145.0.0.0"
2026-03-13 14:35:20 [debug]: Cache HIT: zoom:meetings:list
2026-03-13 14:35:20 [info]: Meetings fetched: 1 results
2026-03-13 14:35:20 [http]: ::1 - - [13/Mar/2026:11:35:20 +0000] "GET /api/meetings HTTP/1.1" 304 - "http://localhost:5174/" "Mozilla/5.0 (Windows NT 10.0; Win64; x64) AppleWebKit/537.36 (KHTML, like Gecko) Chrome/145.0.0.0 Safari/537.36 Edg/145.0.0.0"
2026-03-13 14:35:50 [debug]: Cache HIT: zoom:meetings:list
2026-03-13 14:35:50 [info]: Meetings fetched: 1 results
2026-03-13 14:35:50 [http]: ::1 - - [13/Mar/2026:11:35:50 +0000] "GET /api/meetings HTTP/1.1" 304 - "http://localhost:5174/" "Mozilla/5.0 (Windows NT 10.0; Win64; x64) AppleWebKit/537.36 (KHTML, like Gecko) Chrome/145.0.0.0 Safari/537.36 Edg/145.0.0.0"
2026-03-13 14:36:52 [debug]: Cache EXPIRED: zoom:meetings:list
2026-03-13 14:36:52 [info]: Zoom: Fetching meetings list
2026-03-13 14:36:52 [debug]: Cache HIT: zoom:access_token
2026-03-13 14:36:55 [debug]: Cache SET: zoom:meetings:list (TTL: 60s)
2026-03-13 14:36:55 [info]: Meetings fetched: 1 results
2026-03-13 14:36:55 [http]: ::1 - - [13/Mar/2026:11:36:55 +0000] "GET /api/meetings HTTP/1.1" 304 - "http://localhost:5174/" "Mozilla/5.0 (Windows NT 10.0; Win64; x64) AppleWebKit/537.36 (KHTML, like Gecko) Chrome/145.0.0.0 Safari/537.36 Edg/145.0.0.0"
2026-03-13 14:37:52 [debug]: Cache HIT: zoom:meetings:list
2026-03-13 14:37:52 [info]: Meetings fetched: 1 results
2026-03-13 14:37:52 [http]: ::1 - - [13/Mar/2026:11:37:52 +0000] "GET /api/meetings HTTP/1.1" 304 - "http://localhost:5174/" "Mozilla/5.0 (Windows NT 10.0; Win64; x64) AppleWebKit/537.36 (KHTML, like Gecko) Chrome/145.0.0.0 Safari/537.36 Edg/145.0.0.0"
2026-03-13 14:38:52 [debug]: Cache EXPIRED: zoom:meetings:list
2026-03-13 14:38:52 [info]: Zoom: Fetching meetings list
2026-03-13 14:38:52 [debug]: Cache HIT: zoom:access_token
2026-03-13 14:38:53 [debug]: Cache SET: zoom:meetings:list (TTL: 60s)
2026-03-13 14:38:53 [info]: Meetings fetched: 1 results
2026-03-13 14:38:53 [http]: ::1 - - [13/Mar/2026:11:38:53 +0000] "GET /api/meetings HTTP/1.1" 304 - "http://localhost:5174/" "Mozilla/5.0 (Windows NT 10.0; Win64; x64) AppleWebKit/537.36 (KHTML, like Gecko) Chrome/145.0.0.0 Safari/537.36 Edg/145.0.0.0"
2026-03-13 14:39:52 [debug]: Cache HIT: zoom:meetings:list
2026-03-13 14:39:52 [info]: Meetings fetched: 1 results
2026-03-13 14:39:52 [http]: ::1 - - [13/Mar/2026:11:39:52 +0000] "GET /api/meetings HTTP/1.1" 304 - "http://localhost:5174/" "Mozilla/5.0 (Windows NT 10.0; Win64; x64) AppleWebKit/537.36 (KHTML, like Gecko) Chrome/145.0.0.0 Safari/537.36 Edg/145.0.0.0"
2026-03-13 14:40:52 [debug]: Cache EXPIRED: zoom:meetings:list
2026-03-13 14:40:52 [info]: Zoom: Fetching meetings list
2026-03-13 14:40:52 [debug]: Cache HIT: zoom:access_token
2026-03-13 14:40:53 [debug]: Cache SET: zoom:meetings:list (TTL: 60s)
2026-03-13 14:40:53 [info]: Meetings fetched: 1 results
2026-03-13 14:40:53 [http]: ::1 - - [13/Mar/2026:11:40:53 +0000] "GET /api/meetings HTTP/1.1" 304 - "http://localhost:5174/" "Mozilla/5.0 (Windows NT 10.0; Win64; x64) AppleWebKit/537.36 (KHTML, like Gecko) Chrome/145.0.0.0 Safari/537.36 Edg/145.0.0.0"
2026-03-13 14:41:41 [debug]: Cache HIT: zoom:meetings:list
2026-03-13 14:41:41 [info]: Meetings fetched: 1 results
2026-03-13 14:41:41 [http]: ::1 - - [13/Mar/2026:11:41:41 +0000] "GET /api/meetings HTTP/1.1" 304 - "http://localhost:5174/" "Mozilla/5.0 (Windows NT 10.0; Win64; x64) AppleWebKit/537.36 (KHTML, like Gecko) Chrome/145.0.0.0 Safari/537.36 Edg/145.0.0.0"
2026-03-13 14:41:50 [debug]: Cache HIT: zoom:meetings:list
2026-03-13 14:41:50 [info]: Meetings fetched: 1 results
2026-03-13 14:41:50 [http]: ::1 - - [13/Mar/2026:11:41:50 +0000] "GET /api/meetings HTTP/1.1" 304 - "http://localhost:5174/" "Mozilla/5.0 (Windows NT 10.0; Win64; x64) AppleWebKit/537.36 (KHTML, like Gecko) Chrome/145.0.0.0 Safari/537.36 Edg/145.0.0.0"
2026-03-13 14:42:20 [debug]: Cache EXPIRED: zoom:meetings:list
2026-03-13 14:42:20 [info]: Zoom: Fetching meetings list
2026-03-13 14:42:20 [debug]: Cache HIT: zoom:access_token
2026-03-13 14:42:21 [debug]: Cache SET: zoom:meetings:list (TTL: 60s)
2026-03-13 14:42:21 [info]: Meetings fetched: 1 results
2026-03-13 14:42:21 [http]: ::1 - - [13/Mar/2026:11:42:21 +0000] "GET /api/meetings HTTP/1.1" 304 - "http://localhost:5174/" "Mozilla/5.0 (Windows NT 10.0; Win64; x64) AppleWebKit/537.36 (KHTML, like Gecko) Chrome/145.0.0.0 Safari/537.36 Edg/145.0.0.0"
2026-03-13 14:42:52 [debug]: Cache HIT: zoom:meetings:list
2026-03-13 14:42:52 [info]: Meetings fetched: 1 results
2026-03-13 14:42:52 [http]: ::1 - - [13/Mar/2026:11:42:52 +0000] "GET /api/meetings HTTP/1.1" 304 - "http://localhost:5174/" "Mozilla/5.0 (Windows NT 10.0; Win64; x64) AppleWebKit/537.36 (KHTML, like Gecko) Chrome/145.0.0.0 Safari/537.36 Edg/145.0.0.0"
2026-03-13 14:43:52 [debug]: Cache EXPIRED: zoom:meetings:list
2026-03-13 14:43:52 [info]: Zoom: Fetching meetings list
2026-03-13 14:43:52 [debug]: Cache HIT: zoom:access_token
2026-03-13 14:43:53 [debug]: Cache SET: zoom:meetings:list (TTL: 60s)
2026-03-13 14:43:53 [info]: Meetings fetched: 1 results
2026-03-13 14:43:53 [http]: ::1 - - [13/Mar/2026:11:43:53 +0000] "GET /api/meetings HTTP/1.1" 304 - "http://localhost:5174/" "Mozilla/5.0 (Windows NT 10.0; Win64; x64) AppleWebKit/537.36 (KHTML, like Gecko) Chrome/145.0.0.0 Safari/537.36 Edg/145.0.0.0"
2026-03-13 14:44:52 [debug]: Cache HIT: zoom:meetings:list
2026-03-13 14:44:52 [info]: Meetings fetched: 1 results
2026-03-13 14:44:52 [http]: ::1 - - [13/Mar/2026:11:44:52 +0000] "GET /api/meetings HTTP/1.1" 304 - "http://localhost:5174/" "Mozilla/5.0 (Windows NT 10.0; Win64; x64) AppleWebKit/537.36 (KHTML, like Gecko) Chrome/145.0.0.0 Safari/537.36 Edg/145.0.0.0"
2026-03-13 14:45:52 [debug]: Cache EXPIRED: zoom:meetings:list
2026-03-13 14:45:52 [info]: Zoom: Fetching meetings list
2026-03-13 14:45:52 [debug]: Cache HIT: zoom:access_token
2026-03-13 14:45:53 [debug]: Cache SET: zoom:meetings:list (TTL: 60s)
2026-03-13 14:45:53 [info]: Meetings fetched: 1 results
2026-03-13 14:45:53 [http]: ::1 - - [13/Mar/2026:11:45:53 +0000] "GET /api/meetings HTTP/1.1" 304 - "http://localhost:5174/" "Mozilla/5.0 (Windows NT 10.0; Win64; x64) AppleWebKit/537.36 (KHTML, like Gecko) Chrome/145.0.0.0 Safari/537.36 Edg/145.0.0.0"
2026-03-13 14:46:52 [debug]: Cache HIT: zoom:meetings:list
2026-03-13 14:46:52 [info]: Meetings fetched: 1 results
2026-03-13 14:46:52 [http]: ::1 - - [13/Mar/2026:11:46:52 +0000] "GET /api/meetings HTTP/1.1" 304 - "http://localhost:5174/" "Mozilla/5.0 (Windows NT 10.0; Win64; x64) AppleWebKit/537.36 (KHTML, like Gecko) Chrome/145.0.0.0 Safari/537.36 Edg/145.0.0.0"
2026-03-13 14:47:52 [debug]: Cache EXPIRED: zoom:meetings:list
2026-03-13 14:47:52 [info]: Zoom: Fetching meetings list
2026-03-13 14:47:52 [debug]: Cache HIT: zoom:access_token
2026-03-13 14:47:53 [debug]: Cache SET: zoom:meetings:list (TTL: 60s)
2026-03-13 14:47:53 [info]: Meetings fetched: 1 results
2026-03-13 14:47:53 [http]: ::1 - - [13/Mar/2026:11:47:53 +0000] "GET /api/meetings HTTP/1.1" 304 - "http://localhost:5174/" "Mozilla/5.0 (Windows NT 10.0; Win64; x64) AppleWebKit/537.36 (KHTML, like Gecko) Chrome/145.0.0.0 Safari/537.36 Edg/145.0.0.0"
2026-03-13 14:48:52 [debug]: Cache HIT: zoom:meetings:list
2026-03-13 14:48:52 [info]: Meetings fetched: 1 results
2026-03-13 14:48:52 [http]: ::1 - - [13/Mar/2026:11:48:52 +0000] "GET /api/meetings HTTP/1.1" 304 - "http://localhost:5174/" "Mozilla/5.0 (Windows NT 10.0; Win64; x64) AppleWebKit/537.36 (KHTML, like Gecko) Chrome/145.0.0.0 Safari/537.36 Edg/145.0.0.0"
2026-03-13 14:49:52 [debug]: Cache EXPIRED: zoom:meetings:list
2026-03-13 14:49:52 [info]: Zoom: Fetching meetings list
2026-03-13 14:49:52 [debug]: Cache HIT: zoom:access_token
2026-03-13 14:49:53 [debug]: Cache SET: zoom:meetings:list (TTL: 60s)
2026-03-13 14:49:53 [info]: Meetings fetched: 1 results
2026-03-13 14:49:53 [http]: ::1 - - [13/Mar/2026:11:49:53 +0000] "GET /api/meetings HTTP/1.1" 304 - "http://localhost:5174/" "Mozilla/5.0 (Windows NT 10.0; Win64; x64) AppleWebKit/537.36 (KHTML, like Gecko) Chrome/145.0.0.0 Safari/537.36 Edg/145.0.0.0"
2026-03-13 14:50:52 [debug]: Cache HIT: zoom:meetings:list
2026-03-13 14:50:52 [info]: Meetings fetched: 1 results
2026-03-13 14:50:52 [http]: ::1 - - [13/Mar/2026:11:50:52 +0000] "GET /api/meetings HTTP/1.1" 304 - "http://localhost:5174/" "Mozilla/5.0 (Windows NT 10.0; Win64; x64) AppleWebKit/537.36 (KHTML, like Gecko) Chrome/145.0.0.0 Safari/537.36 Edg/145.0.0.0"
2026-03-13 14:51:52 [debug]: Cache EXPIRED: zoom:meetings:list
2026-03-13 14:51:52 [info]: Zoom: Fetching meetings list
2026-03-13 14:51:52 [debug]: Cache HIT: zoom:access_token
2026-03-13 14:51:53 [debug]: Cache SET: zoom:meetings:list (TTL: 60s)
2026-03-13 14:51:53 [info]: Meetings fetched: 1 results
2026-03-13 14:51:53 [http]: ::1 - - [13/Mar/2026:11:51:53 +0000] "GET /api/meetings HTTP/1.1" 304 - "http://localhost:5174/" "Mozilla/5.0 (Windows NT 10.0; Win64; x64) AppleWebKit/537.36 (KHTML, like Gecko) Chrome/145.0.0.0 Safari/537.36 Edg/145.0.0.0"
2026-03-13 14:52:52 [debug]: Cache HIT: zoom:meetings:list
2026-03-13 14:52:52 [info]: Meetings fetched: 1 results
2026-03-13 14:52:52 [http]: ::1 - - [13/Mar/2026:11:52:52 +0000] "GET /api/meetings HTTP/1.1" 304 - "http://localhost:5174/" "Mozilla/5.0 (Windows NT 10.0; Win64; x64) AppleWebKit/537.36 (KHTML, like Gecko) Chrome/145.0.0.0 Safari/537.36 Edg/145.0.0.0"
2026-03-13 14:53:52 [debug]: Cache EXPIRED: zoom:meetings:list
2026-03-13 14:53:52 [info]: Zoom: Fetching meetings list
2026-03-13 14:53:52 [debug]: Cache HIT: zoom:access_token
2026-03-13 14:53:53 [debug]: Cache SET: zoom:meetings:list (TTL: 60s)
2026-03-13 14:53:53 [info]: Meetings fetched: 1 results
2026-03-13 14:53:53 [http]: ::1 - - [13/Mar/2026:11:53:53 +0000] "GET /api/meetings HTTP/1.1" 304 - "http://localhost:5174/" "Mozilla/5.0 (Windows NT 10.0; Win64; x64) AppleWebKit/537.36 (KHTML, like Gecko) Chrome/145.0.0.0 Safari/537.36 Edg/145.0.0.0"
2026-03-13 14:54:52 [debug]: Cache HIT: zoom:meetings:list
2026-03-13 14:54:52 [info]: Meetings fetched: 1 results
2026-03-13 14:54:52 [http]: ::1 - - [13/Mar/2026:11:54:52 +0000] "GET /api/meetings HTTP/1.1" 304 - "http://localhost:5174/" "Mozilla/5.0 (Windows NT 10.0; Win64; x64) AppleWebKit/537.36 (KHTML, like Gecko) Chrome/145.0.0.0 Safari/537.36 Edg/145.0.0.0"
2026-03-13 14:55:52 [debug]: Cache EXPIRED: zoom:meetings:list
2026-03-13 14:55:52 [info]: Zoom: Fetching meetings list
2026-03-13 14:55:52 [debug]: Cache HIT: zoom:access_token
2026-03-13 14:55:53 [debug]: Cache SET: zoom:meetings:list (TTL: 60s)
2026-03-13 14:55:53 [info]: Meetings fetched: 1 results
2026-03-13 14:55:53 [http]: ::1 - - [13/Mar/2026:11:55:53 +0000] "GET /api/meetings HTTP/1.1" 304 - "http://localhost:5174/" "Mozilla/5.0 (Windows NT 10.0; Win64; x64) AppleWebKit/537.36 (KHTML, like Gecko) Chrome/145.0.0.0 Safari/537.36 Edg/145.0.0.0"
2026-03-13 14:56:52 [debug]: Cache HIT: zoom:meetings:list
2026-03-13 14:56:52 [info]: Meetings fetched: 1 results
2026-03-13 14:56:52 [http]: ::1 - - [13/Mar/2026:11:56:52 +0000] "GET /api/meetings HTTP/1.1" 304 - "http://localhost:5174/" "Mozilla/5.0 (Windows NT 10.0; Win64; x64) AppleWebKit/537.36 (KHTML, like Gecko) Chrome/145.0.0.0 Safari/537.36 Edg/145.0.0.0"
2026-03-13 14:57:52 [debug]: Cache EXPIRED: zoom:meetings:list
2026-03-13 14:57:52 [info]: Zoom: Fetching meetings list
2026-03-13 14:57:52 [debug]: Cache HIT: zoom:access_token
2026-03-13 14:57:53 [debug]: Cache SET: zoom:meetings:list (TTL: 60s)
2026-03-13 14:57:53 [info]: Meetings fetched: 1 results
2026-03-13 14:57:53 [http]: ::1 - - [13/Mar/2026:11:57:53 +0000] "GET /api/meetings HTTP/1.1" 304 - "http://localhost:5174/" "Mozilla/5.0 (Windows NT 10.0; Win64; x64) AppleWebKit/537.36 (KHTML, like Gecko) Chrome/145.0.0.0 Safari/537.36 Edg/145.0.0.0"
2026-03-13 14:58:52 [debug]: Cache HIT: zoom:meetings:list
2026-03-13 14:58:52 [info]: Meetings fetched: 1 results
2026-03-13 14:58:52 [http]: ::1 - - [13/Mar/2026:11:58:52 +0000] "GET /api/meetings HTTP/1.1" 304 - "http://localhost:5174/" "Mozilla/5.0 (Windows NT 10.0; Win64; x64) AppleWebKit/537.36 (KHTML, like Gecko) Chrome/145.0.0.0 Safari/537.36 Edg/145.0.0.0"
2026-03-13 14:59:52 [debug]: Cache EXPIRED: zoom:meetings:list
2026-03-13 14:59:52 [info]: Zoom: Fetching meetings list
2026-03-13 14:59:52 [debug]: Cache HIT: zoom:access_token
2026-03-13 14:59:53 [debug]: Cache SET: zoom:meetings:list (TTL: 60s)
2026-03-13 14:59:53 [info]: Meetings fetched: 1 results
2026-03-13 14:59:53 [http]: ::1 - - [13/Mar/2026:11:59:53 +0000] "GET /api/meetings HTTP/1.1" 304 - "http://localhost:5174/" "Mozilla/5.0 (Windows NT 10.0; Win64; x64) AppleWebKit/537.36 (KHTML, like Gecko) Chrome/145.0.0.0 Safari/537.36 Edg/145.0.0.0"
2026-03-13 15:00:52 [debug]: Cache HIT: zoom:meetings:list
2026-03-13 15:00:52 [info]: Meetings fetched: 1 results
2026-03-13 15:00:52 [http]: ::1 - - [13/Mar/2026:12:00:52 +0000] "GET /api/meetings HTTP/1.1" 304 - "http://localhost:5174/" "Mozilla/5.0 (Windows NT 10.0; Win64; x64) AppleWebKit/537.36 (KHTML, like Gecko) Chrome/145.0.0.0 Safari/537.36 Edg/145.0.0.0"
2026-03-13 15:01:52 [debug]: Cache EXPIRED: zoom:meetings:list
2026-03-13 15:01:52 [info]: Zoom: Fetching meetings list
2026-03-13 15:01:52 [debug]: Cache HIT: zoom:access_token
2026-03-13 15:01:53 [debug]: Cache SET: zoom:meetings:list (TTL: 60s)
2026-03-13 15:01:53 [info]: Meetings fetched: 1 results
2026-03-13 15:01:53 [http]: ::1 - - [13/Mar/2026:12:01:53 +0000] "GET /api/meetings HTTP/1.1" 304 - "http://localhost:5174/" "Mozilla/5.0 (Windows NT 10.0; Win64; x64) AppleWebKit/537.36 (KHTML, like Gecko) Chrome/145.0.0.0 Safari/537.36 Edg/145.0.0.0"
2026-03-13 15:02:52 [debug]: Cache HIT: zoom:meetings:list
2026-03-13 15:02:52 [info]: Meetings fetched: 1 results
2026-03-13 15:02:52 [http]: ::1 - - [13/Mar/2026:12:02:52 +0000] "GET /api/meetings HTTP/1.1" 304 - "http://localhost:5174/" "Mozilla/5.0 (Windows NT 10.0; Win64; x64) AppleWebKit/537.36 (KHTML, like Gecko) Chrome/145.0.0.0 Safari/537.36 Edg/145.0.0.0"
2026-03-13 15:03:52 [debug]: Cache EXPIRED: zoom:meetings:list
2026-03-13 15:03:52 [info]: Zoom: Fetching meetings list
2026-03-13 15:03:52 [debug]: Cache HIT: zoom:access_token
2026-03-13 15:03:54 [debug]: Cache SET: zoom:meetings:list (TTL: 60s)
2026-03-13 15:03:54 [info]: Meetings fetched: 1 results
2026-03-13 15:03:54 [http]: ::1 - - [13/Mar/2026:12:03:54 +0000] "GET /api/meetings HTTP/1.1" 304 - "http://localhost:5174/" "Mozilla/5.0 (Windows NT 10.0; Win64; x64) AppleWebKit/537.36 (KHTML, like Gecko) Chrome/145.0.0.0 Safari/537.36 Edg/145.0.0.0"
2026-03-13 15:04:53 [debug]: Cache HIT: zoom:meetings:list
2026-03-13 15:04:53 [info]: Meetings fetched: 1 results
2026-03-13 15:04:53 [http]: ::1 - - [13/Mar/2026:12:04:53 +0000] "GET /api/meetings HTTP/1.1" 304 - "http://localhost:5174/" "Mozilla/5.0 (Windows NT 10.0; Win64; x64) AppleWebKit/537.36 (KHTML, like Gecko) Chrome/145.0.0.0 Safari/537.36 Edg/145.0.0.0"
2026-03-13 15:05:52 [debug]: Cache EXPIRED: zoom:meetings:list
2026-03-13 15:05:52 [info]: Zoom: Fetching meetings list
2026-03-13 15:05:52 [debug]: Cache HIT: zoom:access_token
2026-03-13 15:05:53 [debug]: Cache SET: zoom:meetings:list (TTL: 60s)
2026-03-13 15:05:53 [info]: Meetings fetched: 1 results
2026-03-13 15:05:53 [http]: ::1 - - [13/Mar/2026:12:05:53 +0000] "GET /api/meetings HTTP/1.1" 304 - "http://localhost:5174/" "Mozilla/5.0 (Windows NT 10.0; Win64; x64) AppleWebKit/537.36 (KHTML, like Gecko) Chrome/145.0.0.0 Safari/537.36 Edg/145.0.0.0"
2026-03-13 15:06:52 [debug]: Cache HIT: zoom:meetings:list
2026-03-13 15:06:52 [info]: Meetings fetched: 1 results
2026-03-13 15:06:52 [http]: ::1 - - [13/Mar/2026:12:06:52 +0000] "GET /api/meetings HTTP/1.1" 304 - "http://localhost:5174/" "Mozilla/5.0 (Windows NT 10.0; Win64; x64) AppleWebKit/537.36 (KHTML, like Gecko) Chrome/145.0.0.0 Safari/537.36 Edg/145.0.0.0"
2026-03-13 15:07:52 [debug]: Cache EXPIRED: zoom:meetings:list
2026-03-13 15:07:52 [info]: Zoom: Fetching meetings list
2026-03-13 15:07:52 [debug]: Cache HIT: zoom:access_token
2026-03-13 15:07:54 [debug]: Cache SET: zoom:meetings:list (TTL: 60s)
2026-03-13 15:07:54 [info]: Meetings fetched: 1 results
2026-03-13 15:07:54 [http]: ::1 - - [13/Mar/2026:12:07:54 +0000] "GET /api/meetings HTTP/1.1" 304 - "http://localhost:5174/" "Mozilla/5.0 (Windows NT 10.0; Win64; x64) AppleWebKit/537.36 (KHTML, like Gecko) Chrome/145.0.0.0 Safari/537.36 Edg/145.0.0.0"
2026-03-13 15:08:52 [debug]: Cache HIT: zoom:meetings:list
2026-03-13 15:08:52 [info]: Meetings fetched: 1 results
2026-03-13 15:08:52 [http]: ::1 - - [13/Mar/2026:12:08:52 +0000] "GET /api/meetings HTTP/1.1" 304 - "http://localhost:5174/" "Mozilla/5.0 (Windows NT 10.0; Win64; x64) AppleWebKit/537.36 (KHTML, like Gecko) Chrome/145.0.0.0 Safari/537.36 Edg/145.0.0.0"
2026-03-13 15:09:52 [debug]: Cache EXPIRED: zoom:meetings:list
2026-03-13 15:09:52 [info]: Zoom: Fetching meetings list
2026-03-13 15:09:52 [debug]: Cache HIT: zoom:access_token
2026-03-13 15:09:53 [debug]: Cache SET: zoom:meetings:list (TTL: 60s)
2026-03-13 15:09:53 [info]: Meetings fetched: 1 results
2026-03-13 15:09:53 [http]: ::1 - - [13/Mar/2026:12:09:53 +0000] "GET /api/meetings HTTP/1.1" 304 - "http://localhost:5174/" "Mozilla/5.0 (Windows NT 10.0; Win64; x64) AppleWebKit/537.36 (KHTML, like Gecko) Chrome/145.0.0.0 Safari/537.36 Edg/145.0.0.0"
2026-03-13 15:10:52 [debug]: Cache HIT: zoom:meetings:list
2026-03-13 15:10:52 [info]: Meetings fetched: 1 results
2026-03-13 15:10:52 [http]: ::1 - - [13/Mar/2026:12:10:52 +0000] "GET /api/meetings HTTP/1.1" 304 - "http://localhost:5174/" "Mozilla/5.0 (Windows NT 10.0; Win64; x64) AppleWebKit/537.36 (KHTML, like Gecko) Chrome/145.0.0.0 Safari/537.36 Edg/145.0.0.0"
