2026-03-12 04:25:58 [error]: Zoom API Error [404]: Meeting not found. | {"url":"/api/meetings/83481759510","method":"DELETE","zoomCode":3001}
2026-03-12 04:26:15 [error]: Zoom API Error [404]: Meeting not found. | {"url":"/api/meetings/83481759510","method":"DELETE","zoomCode":3001}
2026-03-12 19:21:05 [error]: Error: getaddrinfo ENOTFOUND zoom.us
    at AxiosError.from (D:\Node\zoom-manager\zoom-manager\server\node_modules\axios\dist\node\axios.cjs:962:24)
    at RedirectableRequest.handleRequestError (D:\Node\zoom-manager\zoom-manager\server\node_modules\axios\dist\node\axios.cjs:3794:29)
    at RedirectableRequest.emit (node:events:508:28)
    at eventHandlers.<computed> (D:\Node\zoom-manager\zoom-manager\server\node_modules\follow-redirects\index.js:49:24)
    at ClientRequest.emit (node:events:508:28)
    at emitErrorEvent (node:_http_client:108:11)
    at TLSSocket.socketErrorListener (node:_http_client:575:5)
    at TLSSocket.emit (node:events:508:28)
    at emitErrorNT (node:internal/streams/destroy:170:8)
    at emitErrorCloseNT (node:internal/streams/destroy:129:3)
    at Axios.request (D:\Node\zoom-manager\zoom-manager\server\node_modules\axios\dist\node\axios.cjs:5110:41)
    at process.processTicksAndRejections (node:internal/process/task_queues:103:5)
    at async fetchAccessToken (D:\Node\zoom-manager\zoom-manager\server\src\services\zoom.service.js:19:20)
    at async getAccessToken (D:\Node\zoom-manager\zoom-manager\server\src\services\zoom.service.js:44:17)
    at async zoomClient (D:\Node\zoom-manager\zoom-manager\server\src\services\zoom.service.js:53:17)
    at async Object.listMeetings (D:\Node\zoom-manager\zoom-manager\server\src\services\zoom.service.js:76:18)
    at async D:\Node\zoom-manager\zoom-manager\server\src\routes\meetings.js:13:22 | {"url":"/api/meetings","method":"GET"}
